2023-08-13T10:57:55.051+05:30  INFO 7644 --- [restartedMain] .m.BusTicketReservationSystemApplication : Starting BusTicketReservationSystemApplication using Java 20.0.1 with PID 7644 (C:\Users\deepe\OneDrive\Desktop\honest-wing-5796\BusTicketReservationSystem(Backend)\target\classes started by deepe in C:\Users\deepe\OneDrive\Desktop\honest-wing-5796\BusTicketReservationSystem(Backend))
2023-08-13T10:57:55.060+05:30  INFO 7644 --- [restartedMain] .m.BusTicketReservationSystemApplication : No active profile set, falling back to 1 default profile: "default"
2023-08-13T10:57:55.164+05:30  INFO 7644 --- [restartedMain] .e.DevToolsPropertyDefaultsPostProcessor : Devtools property defaults active! Set 'spring.devtools.add-properties' to 'false' to disable
2023-08-13T10:57:55.165+05:30  INFO 7644 --- [restartedMain] .e.DevToolsPropertyDefaultsPostProcessor : For additional web related logging consider setting the 'logging.level.web' property to 'DEBUG'
2023-08-13T10:57:56.279+05:30  INFO 7644 --- [restartedMain] .s.d.r.c.RepositoryConfigurationDelegate : Bootstrapping Spring Data JPA repositories in DEFAULT mode.
2023-08-13T10:57:56.361+05:30  INFO 7644 --- [restartedMain] .s.d.r.c.RepositoryConfigurationDelegate : Finished Spring Data repository scanning in 71 ms. Found 6 JPA repository interfaces.
2023-08-13T10:57:57.001+05:30  INFO 7644 --- [restartedMain] o.s.b.w.embedded.tomcat.TomcatWebServer  : Tomcat initialized with port(s): 8088 (http)
2023-08-13T10:57:57.012+05:30  INFO 7644 --- [restartedMain] o.apache.catalina.core.StandardService   : Starting service [Tomcat]
2023-08-13T10:57:57.012+05:30  INFO 7644 --- [restartedMain] o.apache.catalina.core.StandardEngine    : Starting Servlet engine: [Apache Tomcat/10.1.10]
2023-08-13T10:57:57.111+05:30  INFO 7644 --- [restartedMain] o.a.c.c.C.[Tomcat].[localhost].[/]       : Initializing Spring embedded WebApplicationContext
2023-08-13T10:57:57.112+05:30  INFO 7644 --- [restartedMain] w.s.c.ServletWebServerApplicationContext : Root WebApplicationContext: initialization completed in 1946 ms
2023-08-13T10:57:57.319+05:30  INFO 7644 --- [restartedMain] o.hibernate.jpa.internal.util.LogHelper  : HHH000204: Processing PersistenceUnitInfo [name: default]
2023-08-13T10:57:57.427+05:30  INFO 7644 --- [restartedMain] org.hibernate.Version                    : HHH000412: Hibernate ORM core version 6.2.5.Final
2023-08-13T10:57:57.433+05:30  INFO 7644 --- [restartedMain] org.hibernate.cfg.Environment            : HHH000406: Using bytecode reflection optimizer
2023-08-13T10:57:57.615+05:30  INFO 7644 --- [restartedMain] o.h.b.i.BytecodeProviderInitiator        : HHH000021: Bytecode provider name : bytebuddy
2023-08-13T10:57:57.766+05:30  INFO 7644 --- [restartedMain] o.s.o.j.p.SpringPersistenceUnitInfo      : No LoadTimeWeaver setup: ignoring JPA class transformer
2023-08-13T10:57:57.786+05:30  INFO 7644 --- [restartedMain] com.zaxxer.hikari.HikariDataSource       : HikariPool-1 - Starting...
2023-08-13T10:57:58.274+05:30  INFO 7644 --- [restartedMain] com.zaxxer.hikari.pool.HikariPool        : HikariPool-1 - Added connection com.mysql.cj.jdbc.ConnectionImpl@386edb2
2023-08-13T10:57:58.277+05:30  INFO 7644 --- [restartedMain] com.zaxxer.hikari.HikariDataSource       : HikariPool-1 - Start completed.
2023-08-13T10:57:58.702+05:30  INFO 7644 --- [restartedMain] o.h.b.i.BytecodeProviderInitiator        : HHH000021: Bytecode provider name : bytebuddy
2023-08-13T10:57:59.565+05:30  INFO 7644 --- [restartedMain] o.h.e.t.j.p.i.JtaPlatformInitiator       : HHH000490: Using JtaPlatform implementation: [org.hibernate.engine.transaction.jta.platform.internal.NoJtaPlatform]
2023-08-13T10:57:59.789+05:30  INFO 7644 --- [restartedMain] j.LocalContainerEntityManagerFactoryBean : Initialized JPA EntityManagerFactory for persistence unit 'default'
2023-08-13T10:58:00.367+05:30  WARN 7644 --- [restartedMain] JpaBaseConfiguration$JpaWebConfiguration : spring.jpa.open-in-view is enabled by default. Therefore, database queries may be performed during view rendering. Explicitly configure spring.jpa.open-in-view to disable this warning
2023-08-13T10:58:01.296+05:30  INFO 7644 --- [restartedMain] o.s.b.d.a.OptionalLiveReloadServer       : LiveReload server is running on port 35729
2023-08-13T10:58:01.353+05:30  INFO 7644 --- [restartedMain] o.s.b.w.embedded.tomcat.TomcatWebServer  : Tomcat started on port(s): 8088 (http) with context path ''
2023-08-13T10:58:01.364+05:30  INFO 7644 --- [restartedMain] .m.BusTicketReservationSystemApplication : Started BusTicketReservationSystemApplication in 6.922 seconds (process running for 8.03)
2023-08-13T11:03:48.652+05:30  INFO 7644 --- [http-nio-8088-exec-1] o.a.c.c.C.[Tomcat].[localhost].[/]       : Initializing Spring DispatcherServlet 'dispatcherServlet'
2023-08-13T11:03:48.653+05:30  INFO 7644 --- [http-nio-8088-exec-1] o.s.web.servlet.DispatcherServlet        : Initializing Servlet 'dispatcherServlet'
2023-08-13T11:03:48.655+05:30  INFO 7644 --- [http-nio-8088-exec-1] o.s.web.servlet.DispatcherServlet        : Completed initialization in 2 ms
2023-08-13T11:03:49.102+05:30  WARN 7644 --- [http-nio-8088-exec-2] .m.m.a.ExceptionHandlerExceptionResolver : Resolved [javax.security.auth.login.LoginException: User not logged in with this username.]
2023-08-13T11:16:57.892+05:30  WARN 7644 --- [http-nio-8088-exec-9] .m.m.a.ExceptionHandlerExceptionResolver : Resolved [org.springframework.http.converter.HttpMessageNotReadableException: JSON parse error: Cannot deserialize value of type `java.lang.String` from Object value (token `JsonToken.START_OBJECT`)]
2023-08-13T11:20:41.826+05:30  WARN 7644 --- [http-nio-8088-exec-7] .m.m.a.ExceptionHandlerExceptionResolver : Resolved [org.springframework.http.converter.HttpMessageNotReadableException: JSON parse error: Cannot deserialize value of type `java.lang.String` from Object value (token `JsonToken.START_OBJECT`)]
2023-08-13T11:21:38.580+05:30  INFO 7644 --- [File Watcher] rtingClassPathChangeChangedEventListener : Restarting due to 3 class path changes (0 additions, 0 deletions, 3 modifications)
2023-08-13T11:21:38.598+05:30  INFO 7644 --- [Thread-5] o.apache.catalina.core.StandardService   : Stopping service [Tomcat]
2023-08-13T11:21:38.601+05:30  INFO 7644 --- [Thread-5] o.a.c.c.C.[Tomcat].[localhost].[/]       : Destroying Spring FrameworkServlet 'dispatcherServlet'
2023-08-13T11:21:38.611+05:30  INFO 7644 --- [Thread-5] j.LocalContainerEntityManagerFactoryBean : Closing JPA EntityManagerFactory for persistence unit 'default'
2023-08-13T11:21:38.616+05:30  INFO 7644 --- [Thread-5] com.zaxxer.hikari.HikariDataSource       : HikariPool-1 - Shutdown initiated...
2023-08-13T11:21:38.627+05:30  INFO 7644 --- [Thread-5] com.zaxxer.hikari.HikariDataSource       : HikariPool-1 - Shutdown completed.
2023-08-13T11:21:38.742+05:30  INFO 7644 --- [restartedMain] .m.BusTicketReservationSystemApplication : Starting BusTicketReservationSystemApplication using Java 20.0.1 with PID 7644 (C:\Users\deepe\OneDrive\Desktop\honest-wing-5796\BusTicketReservationSystem(Backend)\target\classes started by deepe in C:\Users\deepe\OneDrive\Desktop\honest-wing-5796\BusTicketReservationSystem(Backend))
2023-08-13T11:21:38.743+05:30  INFO 7644 --- [restartedMain] .m.BusTicketReservationSystemApplication : No active profile set, falling back to 1 default profile: "default"
2023-08-13T11:21:39.179+05:30  INFO 7644 --- [restartedMain] .s.d.r.c.RepositoryConfigurationDelegate : Bootstrapping Spring Data JPA repositories in DEFAULT mode.
2023-08-13T11:21:39.215+05:30  INFO 7644 --- [restartedMain] .s.d.r.c.RepositoryConfigurationDelegate : Finished Spring Data repository scanning in 35 ms. Found 6 JPA repository interfaces.
2023-08-13T11:21:39.409+05:30  INFO 7644 --- [restartedMain] o.s.b.w.embedded.tomcat.TomcatWebServer  : Tomcat initialized with port(s): 8088 (http)
2023-08-13T11:21:39.409+05:30  INFO 7644 --- [restartedMain] o.apache.catalina.core.StandardService   : Starting service [Tomcat]
2023-08-13T11:21:39.410+05:30  INFO 7644 --- [restartedMain] o.apache.catalina.core.StandardEngine    : Starting Servlet engine: [Apache Tomcat/10.1.10]
2023-08-13T11:21:39.436+05:30  INFO 7644 --- [restartedMain] o.a.c.c.C.[Tomcat].[localhost].[/]       : Initializing Spring embedded WebApplicationContext
2023-08-13T11:21:39.436+05:30  INFO 7644 --- [restartedMain] w.s.c.ServletWebServerApplicationContext : Root WebApplicationContext: initialization completed in 677 ms
2023-08-13T11:21:39.497+05:30  INFO 7644 --- [restartedMain] o.hibernate.jpa.internal.util.LogHelper  : HHH000204: Processing PersistenceUnitInfo [name: default]
2023-08-13T11:21:39.502+05:30  INFO 7644 --- [restartedMain] o.h.b.i.BytecodeProviderInitiator        : HHH000021: Bytecode provider name : bytebuddy
2023-08-13T11:21:39.503+05:30  INFO 7644 --- [restartedMain] o.s.o.j.p.SpringPersistenceUnitInfo      : No LoadTimeWeaver setup: ignoring JPA class transformer
2023-08-13T11:21:39.504+05:30  INFO 7644 --- [restartedMain] com.zaxxer.hikari.HikariDataSource       : HikariPool-2 - Starting...
2023-08-13T11:21:39.534+05:30  INFO 7644 --- [restartedMain] com.zaxxer.hikari.pool.HikariPool        : HikariPool-2 - Added connection com.mysql.cj.jdbc.ConnectionImpl@3798f0ce
2023-08-13T11:21:39.534+05:30  INFO 7644 --- [restartedMain] com.zaxxer.hikari.HikariDataSource       : HikariPool-2 - Start completed.
2023-08-13T11:21:39.575+05:30  INFO 7644 --- [restartedMain] o.h.b.i.BytecodeProviderInitiator        : HHH000021: Bytecode provider name : bytebuddy
2023-08-13T11:21:39.745+05:30  INFO 7644 --- [restartedMain] o.h.e.t.j.p.i.JtaPlatformInitiator       : HHH000490: Using JtaPlatform implementation: [org.hibernate.engine.transaction.jta.platform.internal.NoJtaPlatform]
2023-08-13T11:21:39.876+05:30  INFO 7644 --- [restartedMain] j.LocalContainerEntityManagerFactoryBean : Initialized JPA EntityManagerFactory for persistence unit 'default'
2023-08-13T11:21:40.128+05:30  WARN 7644 --- [restartedMain] JpaBaseConfiguration$JpaWebConfiguration : spring.jpa.open-in-view is enabled by default. Therefore, database queries may be performed during view rendering. Explicitly configure spring.jpa.open-in-view to disable this warning
2023-08-13T11:21:40.861+05:30  INFO 7644 --- [restartedMain] o.s.b.d.a.OptionalLiveReloadServer       : LiveReload server is running on port 35729
2023-08-13T11:21:40.902+05:30  INFO 7644 --- [restartedMain] o.s.b.w.embedded.tomcat.TomcatWebServer  : Tomcat started on port(s): 8088 (http) with context path ''
2023-08-13T11:21:40.911+05:30  INFO 7644 --- [restartedMain] .m.BusTicketReservationSystemApplication : Started BusTicketReservationSystemApplication in 2.217 seconds (process running for 1427.577)
2023-08-13T11:21:40.935+05:30  INFO 7644 --- [restartedMain] .ConditionEvaluationDeltaLoggingListener : Condition evaluation unchanged
2023-08-13T11:22:39.525+05:30  INFO 7644 --- [http-nio-8088-exec-2] o.a.c.c.C.[Tomcat].[localhost].[/]       : Initializing Spring DispatcherServlet 'dispatcherServlet'
2023-08-13T11:22:39.525+05:30  INFO 7644 --- [http-nio-8088-exec-2] o.s.web.servlet.DispatcherServlet        : Initializing Servlet 'dispatcherServlet'
2023-08-13T11:22:39.528+05:30  INFO 7644 --- [http-nio-8088-exec-2] o.s.web.servlet.DispatcherServlet        : Completed initialization in 2 ms
2023-08-13T11:22:39.556+05:30  WARN 7644 --- [http-nio-8088-exec-2] .m.m.a.ExceptionHandlerExceptionResolver : Resolved [org.springframework.http.converter.HttpMessageNotReadableException: JSON parse error: Cannot deserialize value of type `java.lang.String` from Object value (token `JsonToken.START_OBJECT`)]
2023-08-13T11:27:49.717+05:30  WARN 7644 --- [http-nio-8088-exec-1] .m.m.a.ExceptionHandlerExceptionResolver : Resolved [org.springframework.http.converter.HttpMessageNotReadableException: JSON parse error: Cannot deserialize value of type `java.lang.String` from Object value (token `JsonToken.START_OBJECT`)]
