2023-07-18T12:57:07.842+05:30  INFO 24604 --- [File Watcher] rtingClassPathChangeChangedEventListener : Restarting due to 1 class path change (0 additions, 0 deletions, 1 modification)
2023-07-18T12:57:07.861+05:30  INFO 24604 --- [Thread-5] o.apache.catalina.core.StandardService   : Stopping service [Tomcat]
2023-07-18T12:57:07.863+05:30  INFO 24604 --- [Thread-5] o.a.c.c.C.[Tomcat].[localhost].[/]       : Destroying Spring FrameworkServlet 'dispatcherServlet'
2023-07-18T12:57:07.871+05:30  INFO 24604 --- [Thread-5] j.LocalContainerEntityManagerFactoryBean : Closing JPA EntityManagerFactory for persistence unit 'default'
2023-07-18T12:57:07.874+05:30  INFO 24604 --- [Thread-5] com.zaxxer.hikari.HikariDataSource       : HikariPool-1 - Shutdown initiated...
2023-07-18T12:57:07.883+05:30  INFO 24604 --- [Thread-5] com.zaxxer.hikari.HikariDataSource       : HikariPool-1 - Shutdown completed.
2023-07-18T12:57:07.954+05:30  INFO 24604 --- [restartedMain] .m.BusTicketReservationSystemApplication : Starting BusTicketReservationSystemApplication using Java 17.0.2 with PID 24604 (E:\honest-wing-5796\BusTicketReservationSystem\target\classes started by Shivam Jha in E:\honest-wing-5796\BusTicketReservationSystem)
2023-07-18T12:57:07.955+05:30  INFO 24604 --- [restartedMain] .m.BusTicketReservationSystemApplication : No active profile set, falling back to 1 default profile: "default"
2023-07-18T12:57:08.132+05:30  INFO 24604 --- [restartedMain] .s.d.r.c.RepositoryConfigurationDelegate : Bootstrapping Spring Data JPA repositories in DEFAULT mode.
2023-07-18T12:57:08.150+05:30  INFO 24604 --- [restartedMain] .s.d.r.c.RepositoryConfigurationDelegate : Finished Spring Data repository scanning in 17 ms. Found 6 JPA repository interfaces.
2023-07-18T12:57:08.225+05:30  INFO 24604 --- [restartedMain] o.s.b.w.embedded.tomcat.TomcatWebServer  : Tomcat initialized with port(s): 8080 (http)
2023-07-18T12:57:08.226+05:30  INFO 24604 --- [restartedMain] o.apache.catalina.core.StandardService   : Starting service [Tomcat]
2023-07-18T12:57:08.227+05:30  INFO 24604 --- [restartedMain] o.apache.catalina.core.StandardEngine    : Starting Servlet engine: [Apache Tomcat/10.1.10]
2023-07-18T12:57:08.252+05:30  INFO 24604 --- [restartedMain] o.a.c.c.C.[Tomcat].[localhost].[/]       : Initializing Spring embedded WebApplicationContext
2023-07-18T12:57:08.252+05:30  INFO 24604 --- [restartedMain] w.s.c.ServletWebServerApplicationContext : Root WebApplicationContext: initialization completed in 296 ms
2023-07-18T12:57:08.290+05:30  INFO 24604 --- [restartedMain] o.hibernate.jpa.internal.util.LogHelper  : HHH000204: Processing PersistenceUnitInfo [name: default]
2023-07-18T12:57:08.296+05:30  INFO 24604 --- [restartedMain] o.h.b.i.BytecodeProviderInitiator        : HHH000021: Bytecode provider name : bytebuddy
2023-07-18T12:57:08.296+05:30  INFO 24604 --- [restartedMain] o.s.o.j.p.SpringPersistenceUnitInfo      : No LoadTimeWeaver setup: ignoring JPA class transformer
2023-07-18T12:57:08.297+05:30  INFO 24604 --- [restartedMain] com.zaxxer.hikari.HikariDataSource       : HikariPool-2 - Starting...
2023-07-18T12:57:08.313+05:30  INFO 24604 --- [restartedMain] com.zaxxer.hikari.pool.HikariPool        : HikariPool-2 - Added connection com.mysql.cj.jdbc.ConnectionImpl@35f27fa7
2023-07-18T12:57:08.314+05:30  INFO 24604 --- [restartedMain] com.zaxxer.hikari.HikariDataSource       : HikariPool-2 - Start completed.
2023-07-18T12:57:08.335+05:30  INFO 24604 --- [restartedMain] o.h.b.i.BytecodeProviderInitiator        : HHH000021: Bytecode provider name : bytebuddy
2023-07-18T12:57:08.424+05:30  INFO 24604 --- [restartedMain] o.h.e.t.j.p.i.JtaPlatformInitiator       : HHH000490: Using JtaPlatform implementation: [org.hibernate.engine.transaction.jta.platform.internal.NoJtaPlatform]
2023-07-18T12:57:08.530+05:30  INFO 24604 --- [restartedMain] j.LocalContainerEntityManagerFactoryBean : Initialized JPA EntityManagerFactory for persistence unit 'default'
2023-07-18T12:57:08.702+05:30  WARN 24604 --- [restartedMain] JpaBaseConfiguration$JpaWebConfiguration : spring.jpa.open-in-view is enabled by default. Therefore, database queries may be performed during view rendering. Explicitly configure spring.jpa.open-in-view to disable this warning
2023-07-18T12:57:09.032+05:30  INFO 24604 --- [restartedMain] o.s.b.d.a.OptionalLiveReloadServer       : LiveReload server is running on port 35729
2023-07-18T12:57:09.045+05:30  INFO 24604 --- [restartedMain] o.s.b.w.embedded.tomcat.TomcatWebServer  : Tomcat started on port(s): 8080 (http) with context path ''
2023-07-18T12:57:09.049+05:30  INFO 24604 --- [restartedMain] .m.BusTicketReservationSystemApplication : Started BusTicketReservationSystemApplication in 1.116 seconds (process running for 243.307)
2023-07-18T12:57:09.052+05:30  INFO 24604 --- [restartedMain] .ConditionEvaluationDeltaLoggingListener : Condition evaluation unchanged
2023-07-18T12:57:10.477+05:30  INFO 24604 --- [File Watcher] rtingClassPathChangeChangedEventListener : Restarting due to 1 class path change (0 additions, 0 deletions, 1 modification)
2023-07-18T12:57:10.493+05:30  INFO 24604 --- [Thread-7] o.apache.catalina.core.StandardService   : Stopping service [Tomcat]
2023-07-18T12:57:10.497+05:30  INFO 24604 --- [Thread-7] j.LocalContainerEntityManagerFactoryBean : Closing JPA EntityManagerFactory for persistence unit 'default'
2023-07-18T12:57:10.499+05:30  INFO 24604 --- [Thread-7] com.zaxxer.hikari.HikariDataSource       : HikariPool-2 - Shutdown initiated...
2023-07-18T12:57:10.503+05:30  INFO 24604 --- [Thread-7] com.zaxxer.hikari.HikariDataSource       : HikariPool-2 - Shutdown completed.
2023-07-18T12:57:10.566+05:30  INFO 24604 --- [restartedMain] .m.BusTicketReservationSystemApplication : Starting BusTicketReservationSystemApplication using Java 17.0.2 with PID 24604 (E:\honest-wing-5796\BusTicketReservationSystem\target\classes started by Shivam Jha in E:\honest-wing-5796\BusTicketReservationSystem)
2023-07-18T12:57:10.567+05:30  INFO 24604 --- [restartedMain] .m.BusTicketReservationSystemApplication : No active profile set, falling back to 1 default profile: "default"
2023-07-18T12:57:10.700+05:30  INFO 24604 --- [restartedMain] .s.d.r.c.RepositoryConfigurationDelegate : Bootstrapping Spring Data JPA repositories in DEFAULT mode.
2023-07-18T12:57:10.717+05:30  INFO 24604 --- [restartedMain] .s.d.r.c.RepositoryConfigurationDelegate : Finished Spring Data repository scanning in 16 ms. Found 6 JPA repository interfaces.
2023-07-18T12:57:10.783+05:30  INFO 24604 --- [restartedMain] o.s.b.w.embedded.tomcat.TomcatWebServer  : Tomcat initialized with port(s): 8080 (http)
2023-07-18T12:57:10.784+05:30  INFO 24604 --- [restartedMain] o.apache.catalina.core.StandardService   : Starting service [Tomcat]
2023-07-18T12:57:10.784+05:30  INFO 24604 --- [restartedMain] o.apache.catalina.core.StandardEngine    : Starting Servlet engine: [Apache Tomcat/10.1.10]
2023-07-18T12:57:10.803+05:30  INFO 24604 --- [restartedMain] o.a.c.c.C.[Tomcat].[localhost].[/]       : Initializing Spring embedded WebApplicationContext
2023-07-18T12:57:10.803+05:30  INFO 24604 --- [restartedMain] w.s.c.ServletWebServerApplicationContext : Root WebApplicationContext: initialization completed in 235 ms
2023-07-18T12:57:10.828+05:30  INFO 24604 --- [restartedMain] o.hibernate.jpa.internal.util.LogHelper  : HHH000204: Processing PersistenceUnitInfo [name: default]
2023-07-18T12:57:10.833+05:30  INFO 24604 --- [restartedMain] o.h.b.i.BytecodeProviderInitiator        : HHH000021: Bytecode provider name : bytebuddy
2023-07-18T12:57:10.833+05:30  INFO 24604 --- [restartedMain] o.s.o.j.p.SpringPersistenceUnitInfo      : No LoadTimeWeaver setup: ignoring JPA class transformer
2023-07-18T12:57:10.834+05:30  INFO 24604 --- [restartedMain] com.zaxxer.hikari.HikariDataSource       : HikariPool-3 - Starting...
2023-07-18T12:57:10.846+05:30  INFO 24604 --- [restartedMain] com.zaxxer.hikari.pool.HikariPool        : HikariPool-3 - Added connection com.mysql.cj.jdbc.ConnectionImpl@6f662c9b
2023-07-18T12:57:10.846+05:30  INFO 24604 --- [restartedMain] com.zaxxer.hikari.HikariDataSource       : HikariPool-3 - Start completed.
2023-07-18T12:57:10.870+05:30  INFO 24604 --- [restartedMain] o.h.b.i.BytecodeProviderInitiator        : HHH000021: Bytecode provider name : bytebuddy
2023-07-18T12:57:10.939+05:30  INFO 24604 --- [restartedMain] o.h.e.t.j.p.i.JtaPlatformInitiator       : HHH000490: Using JtaPlatform implementation: [org.hibernate.engine.transaction.jta.platform.internal.NoJtaPlatform]
2023-07-18T12:57:11.049+05:30  INFO 24604 --- [restartedMain] j.LocalContainerEntityManagerFactoryBean : Initialized JPA EntityManagerFactory for persistence unit 'default'
2023-07-18T12:57:11.217+05:30  WARN 24604 --- [restartedMain] JpaBaseConfiguration$JpaWebConfiguration : spring.jpa.open-in-view is enabled by default. Therefore, database queries may be performed during view rendering. Explicitly configure spring.jpa.open-in-view to disable this warning
2023-07-18T12:57:11.531+05:30  INFO 24604 --- [restartedMain] o.s.b.d.a.OptionalLiveReloadServer       : LiveReload server is running on port 35729
2023-07-18T12:57:11.541+05:30  INFO 24604 --- [restartedMain] o.s.b.w.embedded.tomcat.TomcatWebServer  : Tomcat started on port(s): 8080 (http) with context path ''
2023-07-18T12:57:11.547+05:30  INFO 24604 --- [restartedMain] .m.BusTicketReservationSystemApplication : Started BusTicketReservationSystemApplication in 1.001 seconds (process running for 245.805)
2023-07-18T12:57:11.549+05:30  INFO 24604 --- [restartedMain] .ConditionEvaluationDeltaLoggingListener : Condition evaluation unchanged
2023-07-18T12:57:45.873+05:30  INFO 24604 --- [RMI TCP Connection(18)-127.0.0.1] inMXBeanRegistrar$SpringApplicationAdmin : Application shutdown requested.
2023-07-18T12:57:45.894+05:30  INFO 24604 --- [RMI TCP Connection(18)-127.0.0.1] o.apache.catalina.core.StandardService   : Stopping service [Tomcat]
2023-07-18T12:57:45.899+05:30  INFO 24604 --- [RMI TCP Connection(18)-127.0.0.1] j.LocalContainerEntityManagerFactoryBean : Closing JPA EntityManagerFactory for persistence unit 'default'
2023-07-18T12:57:45.900+05:30  INFO 24604 --- [RMI TCP Connection(18)-127.0.0.1] com.zaxxer.hikari.HikariDataSource       : HikariPool-3 - Shutdown initiated...
2023-07-18T12:57:45.904+05:30  INFO 24604 --- [RMI TCP Connection(18)-127.0.0.1] com.zaxxer.hikari.HikariDataSource       : HikariPool-3 - Shutdown completed.
