2023-08-13T10:57:55.051+05:30  INFO 7644 --- [restartedMain] .m.BusTicketReservationSystemApplication : Starting BusTicketReservationSystemApplication using Java 20.0.1 with PID 7644 (C:\Users\deepe\OneDrive\Desktop\honest-wing-5796\BusTicketReservationSystem(Backend)\target\classes started by deepe in C:\Users\deepe\OneDrive\Desktop\honest-wing-5796\BusTicketReservationSystem(Backend))
2023-08-13T10:57:55.060+05:30  INFO 7644 --- [restartedMain] .m.BusTicketReservationSystemApplication : No active profile set, falling back to 1 default profile: "default"
2023-08-13T10:57:55.164+05:30  INFO 7644 --- [restartedMain] .e.DevToolsPropertyDefaultsPostProcessor : Devtools property defaults active! Set 'spring.devtools.add-properties' to 'false' to disable
2023-08-13T10:57:55.165+05:30  INFO 7644 --- [restartedMain] .e.DevToolsPropertyDefaultsPostProcessor : For additional web related logging consider setting the 'logging.level.web' property to 'DEBUG'
2023-08-13T10:57:56.279+05:30  INFO 7644 --- [restartedMain] .s.d.r.c.RepositoryConfigurationDelegate : Bootstrapping Spring Data JPA repositories in DEFAULT mode.
2023-08-13T10:57:56.361+05:30  INFO 7644 --- [restartedMain] .s.d.r.c.RepositoryConfigurationDelegate : Finished Spring Data repository scanning in 71 ms. Found 6 JPA repository interfaces.
2023-08-13T10:57:57.001+05:30  INFO 7644 --- [restartedMain] o.s.b.w.embedded.tomcat.TomcatWebServer  : Tomcat initialized with port(s): 8088 (http)
2023-08-13T10:57:57.012+05:30  INFO 7644 --- [restartedMain] o.apache.catalina.core.StandardService   : Starting service [Tomcat]
2023-08-13T10:57:57.012+05:30  INFO 7644 --- [restartedMain] o.apache.catalina.core.StandardEngine    : Starting Servlet engine: [Apache Tomcat/10.1.10]
2023-08-13T10:57:57.111+05:30  INFO 7644 --- [restartedMain] o.a.c.c.C.[Tomcat].[localhost].[/]       : Initializing Spring embedded WebApplicationContext
2023-08-13T10:57:57.112+05:30  INFO 7644 --- [restartedMain] w.s.c.ServletWebServerApplicationContext : Root WebApplicationContext: initialization completed in 1946 ms
2023-08-13T10:57:57.319+05:30  INFO 7644 --- [restartedMain] o.hibernate.jpa.internal.util.LogHelper  : HHH000204: Processing PersistenceUnitInfo [name: default]
2023-08-13T10:57:57.427+05:30  INFO 7644 --- [restartedMain] org.hibernate.Version                    : HHH000412: Hibernate ORM core version 6.2.5.Final
2023-08-13T10:57:57.433+05:30  INFO 7644 --- [restartedMain] org.hibernate.cfg.Environment            : HHH000406: Using bytecode reflection optimizer
2023-08-13T10:57:57.615+05:30  INFO 7644 --- [restartedMain] o.h.b.i.BytecodeProviderInitiator        : HHH000021: Bytecode provider name : bytebuddy
2023-08-13T10:57:57.766+05:30  INFO 7644 --- [restartedMain] o.s.o.j.p.SpringPersistenceUnitInfo      : No LoadTimeWeaver setup: ignoring JPA class transformer
2023-08-13T10:57:57.786+05:30  INFO 7644 --- [restartedMain] com.zaxxer.hikari.HikariDataSource       : HikariPool-1 - Starting...
2023-08-13T10:57:58.274+05:30  INFO 7644 --- [restartedMain] com.zaxxer.hikari.pool.HikariPool        : HikariPool-1 - Added connection com.mysql.cj.jdbc.ConnectionImpl@386edb2
2023-08-13T10:57:58.277+05:30  INFO 7644 --- [restartedMain] com.zaxxer.hikari.HikariDataSource       : HikariPool-1 - Start completed.
2023-08-13T10:57:58.702+05:30  INFO 7644 --- [restartedMain] o.h.b.i.BytecodeProviderInitiator        : HHH000021: Bytecode provider name : bytebuddy
2023-08-13T10:57:59.565+05:30  INFO 7644 --- [restartedMain] o.h.e.t.j.p.i.JtaPlatformInitiator       : HHH000490: Using JtaPlatform implementation: [org.hibernate.engine.transaction.jta.platform.internal.NoJtaPlatform]
2023-08-13T10:57:59.789+05:30  INFO 7644 --- [restartedMain] j.LocalContainerEntityManagerFactoryBean : Initialized JPA EntityManagerFactory for persistence unit 'default'
2023-08-13T10:58:00.367+05:30  WARN 7644 --- [restartedMain] JpaBaseConfiguration$JpaWebConfiguration : spring.jpa.open-in-view is enabled by default. Therefore, database queries may be performed during view rendering. Explicitly configure spring.jpa.open-in-view to disable this warning
2023-08-13T10:58:01.296+05:30  INFO 7644 --- [restartedMain] o.s.b.d.a.OptionalLiveReloadServer       : LiveReload server is running on port 35729
2023-08-13T10:58:01.353+05:30  INFO 7644 --- [restartedMain] o.s.b.w.embedded.tomcat.TomcatWebServer  : Tomcat started on port(s): 8088 (http) with context path ''
2023-08-13T10:58:01.364+05:30  INFO 7644 --- [restartedMain] .m.BusTicketReservationSystemApplication : Started BusTicketReservationSystemApplication in 6.922 seconds (process running for 8.03)
2023-08-13T11:03:48.652+05:30  INFO 7644 --- [http-nio-8088-exec-1] o.a.c.c.C.[Tomcat].[localhost].[/]       : Initializing Spring DispatcherServlet 'dispatcherServlet'
2023-08-13T11:03:48.653+05:30  INFO 7644 --- [http-nio-8088-exec-1] o.s.web.servlet.DispatcherServlet        : Initializing Servlet 'dispatcherServlet'
2023-08-13T11:03:48.655+05:30  INFO 7644 --- [http-nio-8088-exec-1] o.s.web.servlet.DispatcherServlet        : Completed initialization in 2 ms
2023-08-13T11:03:49.102+05:30  WARN 7644 --- [http-nio-8088-exec-2] .m.m.a.ExceptionHandlerExceptionResolver : Resolved [javax.security.auth.login.LoginException: User not logged in with this username.]
2023-08-13T11:16:57.892+05:30  WARN 7644 --- [http-nio-8088-exec-9] .m.m.a.ExceptionHandlerExceptionResolver : Resolved [org.springframework.http.converter.HttpMessageNotReadableException: JSON parse error: Cannot deserialize value of type `java.lang.String` from Object value (token `JsonToken.START_OBJECT`)]
2023-08-13T11:20:41.826+05:30  WARN 7644 --- [http-nio-8088-exec-7] .m.m.a.ExceptionHandlerExceptionResolver : Resolved [org.springframework.http.converter.HttpMessageNotReadableException: JSON parse error: Cannot deserialize value of type `java.lang.String` from Object value (token `JsonToken.START_OBJECT`)]
2023-08-13T11:21:38.580+05:30  INFO 7644 --- [File Watcher] rtingClassPathChangeChangedEventListener : Restarting due to 3 class path changes (0 additions, 0 deletions, 3 modifications)
2023-08-13T11:21:38.598+05:30  INFO 7644 --- [Thread-5] o.apache.catalina.core.StandardService   : Stopping service [Tomcat]
2023-08-13T11:21:38.601+05:30  INFO 7644 --- [Thread-5] o.a.c.c.C.[Tomcat].[localhost].[/]       : Destroying Spring FrameworkServlet 'dispatcherServlet'
2023-08-13T11:21:38.611+05:30  INFO 7644 --- [Thread-5] j.LocalContainerEntityManagerFactoryBean : Closing JPA EntityManagerFactory for persistence unit 'default'
2023-08-13T11:21:38.616+05:30  INFO 7644 --- [Thread-5] com.zaxxer.hikari.HikariDataSource       : HikariPool-1 - Shutdown initiated...
2023-08-13T11:21:38.627+05:30  INFO 7644 --- [Thread-5] com.zaxxer.hikari.HikariDataSource       : HikariPool-1 - Shutdown completed.
2023-08-13T11:21:38.742+05:30  INFO 7644 --- [restartedMain] .m.BusTicketReservationSystemApplication : Starting BusTicketReservationSystemApplication using Java 20.0.1 with PID 7644 (C:\Users\deepe\OneDrive\Desktop\honest-wing-5796\BusTicketReservationSystem(Backend)\target\classes started by deepe in C:\Users\deepe\OneDrive\Desktop\honest-wing-5796\BusTicketReservationSystem(Backend))
2023-08-13T11:21:38.743+05:30  INFO 7644 --- [restartedMain] .m.BusTicketReservationSystemApplication : No active profile set, falling back to 1 default profile: "default"
2023-08-13T11:21:39.179+05:30  INFO 7644 --- [restartedMain] .s.d.r.c.RepositoryConfigurationDelegate : Bootstrapping Spring Data JPA repositories in DEFAULT mode.
2023-08-13T11:21:39.215+05:30  INFO 7644 --- [restartedMain] .s.d.r.c.RepositoryConfigurationDelegate : Finished Spring Data repository scanning in 35 ms. Found 6 JPA repository interfaces.
2023-08-13T11:21:39.409+05:30  INFO 7644 --- [restartedMain] o.s.b.w.embedded.tomcat.TomcatWebServer  : Tomcat initialized with port(s): 8088 (http)
2023-08-13T11:21:39.409+05:30  INFO 7644 --- [restartedMain] o.apache.catalina.core.StandardService   : Starting service [Tomcat]
2023-08-13T11:21:39.410+05:30  INFO 7644 --- [restartedMain] o.apache.catalina.core.StandardEngine    : Starting Servlet engine: [Apache Tomcat/10.1.10]
2023-08-13T11:21:39.436+05:30  INFO 7644 --- [restartedMain] o.a.c.c.C.[Tomcat].[localhost].[/]       : Initializing Spring embedded WebApplicationContext
2023-08-13T11:21:39.436+05:30  INFO 7644 --- [restartedMain] w.s.c.ServletWebServerApplicationContext : Root WebApplicationContext: initialization completed in 677 ms
2023-08-13T11:21:39.497+05:30  INFO 7644 --- [restartedMain] o.hibernate.jpa.internal.util.LogHelper  : HHH000204: Processing PersistenceUnitInfo [name: default]
2023-08-13T11:21:39.502+05:30  INFO 7644 --- [restartedMain] o.h.b.i.BytecodeProviderInitiator        : HHH000021: Bytecode provider name : bytebuddy
2023-08-13T11:21:39.503+05:30  INFO 7644 --- [restartedMain] o.s.o.j.p.SpringPersistenceUnitInfo      : No LoadTimeWeaver setup: ignoring JPA class transformer
2023-08-13T11:21:39.504+05:30  INFO 7644 --- [restartedMain] com.zaxxer.hikari.HikariDataSource       : HikariPool-2 - Starting...
2023-08-13T11:21:39.534+05:30  INFO 7644 --- [restartedMain] com.zaxxer.hikari.pool.HikariPool        : HikariPool-2 - Added connection com.mysql.cj.jdbc.ConnectionImpl@3798f0ce
2023-08-13T11:21:39.534+05:30  INFO 7644 --- [restartedMain] com.zaxxer.hikari.HikariDataSource       : HikariPool-2 - Start completed.
2023-08-13T11:21:39.575+05:30  INFO 7644 --- [restartedMain] o.h.b.i.BytecodeProviderInitiator        : HHH000021: Bytecode provider name : bytebuddy
2023-08-13T11:21:39.745+05:30  INFO 7644 --- [restartedMain] o.h.e.t.j.p.i.JtaPlatformInitiator       : HHH000490: Using JtaPlatform implementation: [org.hibernate.engine.transaction.jta.platform.internal.NoJtaPlatform]
2023-08-13T11:21:39.876+05:30  INFO 7644 --- [restartedMain] j.LocalContainerEntityManagerFactoryBean : Initialized JPA EntityManagerFactory for persistence unit 'default'
2023-08-13T11:21:40.128+05:30  WARN 7644 --- [restartedMain] JpaBaseConfiguration$JpaWebConfiguration : spring.jpa.open-in-view is enabled by default. Therefore, database queries may be performed during view rendering. Explicitly configure spring.jpa.open-in-view to disable this warning
2023-08-13T11:21:40.861+05:30  INFO 7644 --- [restartedMain] o.s.b.d.a.OptionalLiveReloadServer       : LiveReload server is running on port 35729
2023-08-13T11:21:40.902+05:30  INFO 7644 --- [restartedMain] o.s.b.w.embedded.tomcat.TomcatWebServer  : Tomcat started on port(s): 8088 (http) with context path ''
2023-08-13T11:21:40.911+05:30  INFO 7644 --- [restartedMain] .m.BusTicketReservationSystemApplication : Started BusTicketReservationSystemApplication in 2.217 seconds (process running for 1427.577)
2023-08-13T11:21:40.935+05:30  INFO 7644 --- [restartedMain] .ConditionEvaluationDeltaLoggingListener : Condition evaluation unchanged
2023-08-13T11:22:39.525+05:30  INFO 7644 --- [http-nio-8088-exec-2] o.a.c.c.C.[Tomcat].[localhost].[/]       : Initializing Spring DispatcherServlet 'dispatcherServlet'
2023-08-13T11:22:39.525+05:30  INFO 7644 --- [http-nio-8088-exec-2] o.s.web.servlet.DispatcherServlet        : Initializing Servlet 'dispatcherServlet'
2023-08-13T11:22:39.528+05:30  INFO 7644 --- [http-nio-8088-exec-2] o.s.web.servlet.DispatcherServlet        : Completed initialization in 2 ms
2023-08-13T11:22:39.556+05:30  WARN 7644 --- [http-nio-8088-exec-2] .m.m.a.ExceptionHandlerExceptionResolver : Resolved [org.springframework.http.converter.HttpMessageNotReadableException: JSON parse error: Cannot deserialize value of type `java.lang.String` from Object value (token `JsonToken.START_OBJECT`)]
2023-08-13T11:27:49.717+05:30  WARN 7644 --- [http-nio-8088-exec-1] .m.m.a.ExceptionHandlerExceptionResolver : Resolved [org.springframework.http.converter.HttpMessageNotReadableException: JSON parse error: Cannot deserialize value of type `java.lang.String` from Object value (token `JsonToken.START_OBJECT`)]
2023-08-13T11:36:42.637+05:30  WARN 7644 --- [http-nio-8088-exec-3] .m.m.a.ExceptionHandlerExceptionResolver : Resolved [org.springframework.http.converter.HttpMessageNotReadableException: JSON parse error: Cannot deserialize value of type `java.lang.String` from Object value (token `JsonToken.START_OBJECT`)]
2023-08-13T11:50:30.020+05:30  WARN 7644 --- [http-nio-8088-exec-9] .m.m.a.ExceptionHandlerExceptionResolver : Resolved [com.masai.exception.BusException: Cannot find route for adding Bus]
2023-08-13T11:51:55.750+05:30  WARN 7644 --- [http-nio-8088-exec-1] .m.m.a.ExceptionHandlerExceptionResolver : Resolved [com.masai.exception.BusException: Cannot find route for adding Bus]
2023-08-13T11:55:52.422+05:30  WARN 7644 --- [http-nio-8088-exec-3] .m.m.a.ExceptionHandlerExceptionResolver : Resolved [com.masai.exception.BusException: Cannot find route for adding Bus]
2023-08-13T11:59:52.514+05:30  INFO 7644 --- [File Watcher] rtingClassPathChangeChangedEventListener : Restarting due to 1 class path change (0 additions, 0 deletions, 1 modification)
2023-08-13T11:59:52.618+05:30  INFO 7644 --- [Thread-7] o.apache.catalina.core.StandardService   : Stopping service [Tomcat]
2023-08-13T11:59:52.620+05:30  INFO 7644 --- [Thread-7] o.a.c.c.C.[Tomcat].[localhost].[/]       : Destroying Spring FrameworkServlet 'dispatcherServlet'
2023-08-13T11:59:52.642+05:30  INFO 7644 --- [Thread-7] j.LocalContainerEntityManagerFactoryBean : Closing JPA EntityManagerFactory for persistence unit 'default'
2023-08-13T11:59:52.645+05:30  INFO 7644 --- [Thread-7] com.zaxxer.hikari.HikariDataSource       : HikariPool-2 - Shutdown initiated...
2023-08-13T11:59:52.661+05:30  INFO 7644 --- [Thread-7] com.zaxxer.hikari.HikariDataSource       : HikariPool-2 - Shutdown completed.
2023-08-13T11:59:52.981+05:30  INFO 7644 --- [restartedMain] .m.BusTicketReservationSystemApplication : Starting BusTicketReservationSystemApplication using Java 20.0.1 with PID 7644 (C:\Users\deepe\OneDrive\Desktop\honest-wing-5796\BusTicketReservationSystem(Backend)\target\classes started by deepe in C:\Users\deepe\OneDrive\Desktop\honest-wing-5796\BusTicketReservationSystem(Backend))
2023-08-13T11:59:52.984+05:30  INFO 7644 --- [restartedMain] .m.BusTicketReservationSystemApplication : No active profile set, falling back to 1 default profile: "default"
2023-08-13T11:59:53.836+05:30  INFO 7644 --- [restartedMain] .s.d.r.c.RepositoryConfigurationDelegate : Bootstrapping Spring Data JPA repositories in DEFAULT mode.
2023-08-13T11:59:53.875+05:30  INFO 7644 --- [restartedMain] .s.d.r.c.RepositoryConfigurationDelegate : Finished Spring Data repository scanning in 39 ms. Found 6 JPA repository interfaces.
2023-08-13T11:59:54.082+05:30  INFO 7644 --- [restartedMain] o.s.b.w.embedded.tomcat.TomcatWebServer  : Tomcat initialized with port(s): 8088 (http)
2023-08-13T11:59:54.084+05:30  INFO 7644 --- [restartedMain] o.apache.catalina.core.StandardService   : Starting service [Tomcat]
2023-08-13T11:59:54.085+05:30  INFO 7644 --- [restartedMain] o.apache.catalina.core.StandardEngine    : Starting Servlet engine: [Apache Tomcat/10.1.10]
2023-08-13T11:59:54.127+05:30  INFO 7644 --- [restartedMain] o.a.c.c.C.[Tomcat].[localhost].[/]       : Initializing Spring embedded WebApplicationContext
2023-08-13T11:59:54.128+05:30  INFO 7644 --- [restartedMain] w.s.c.ServletWebServerApplicationContext : Root WebApplicationContext: initialization completed in 1121 ms
2023-08-13T11:59:54.227+05:30  INFO 7644 --- [restartedMain] o.hibernate.jpa.internal.util.LogHelper  : HHH000204: Processing PersistenceUnitInfo [name: default]
2023-08-13T11:59:54.240+05:30  INFO 7644 --- [restartedMain] o.h.b.i.BytecodeProviderInitiator        : HHH000021: Bytecode provider name : bytebuddy
2023-08-13T11:59:54.240+05:30  INFO 7644 --- [restartedMain] o.s.o.j.p.SpringPersistenceUnitInfo      : No LoadTimeWeaver setup: ignoring JPA class transformer
2023-08-13T11:59:54.242+05:30  INFO 7644 --- [restartedMain] com.zaxxer.hikari.HikariDataSource       : HikariPool-3 - Starting...
2023-08-13T11:59:54.259+05:30  INFO 7644 --- [restartedMain] com.zaxxer.hikari.pool.HikariPool        : HikariPool-3 - Added connection com.mysql.cj.jdbc.ConnectionImpl@4fa53c53
2023-08-13T11:59:54.260+05:30  INFO 7644 --- [restartedMain] com.zaxxer.hikari.HikariDataSource       : HikariPool-3 - Start completed.
2023-08-13T11:59:54.305+05:30  INFO 7644 --- [restartedMain] o.h.b.i.BytecodeProviderInitiator        : HHH000021: Bytecode provider name : bytebuddy
2023-08-13T11:59:54.526+05:30  INFO 7644 --- [restartedMain] o.h.e.t.j.p.i.JtaPlatformInitiator       : HHH000490: Using JtaPlatform implementation: [org.hibernate.engine.transaction.jta.platform.internal.NoJtaPlatform]
2023-08-13T11:59:54.749+05:30  INFO 7644 --- [restartedMain] j.LocalContainerEntityManagerFactoryBean : Initialized JPA EntityManagerFactory for persistence unit 'default'
2023-08-13T11:59:55.146+05:30  WARN 7644 --- [restartedMain] JpaBaseConfiguration$JpaWebConfiguration : spring.jpa.open-in-view is enabled by default. Therefore, database queries may be performed during view rendering. Explicitly configure spring.jpa.open-in-view to disable this warning
2023-08-13T11:59:55.697+05:30  INFO 7644 --- [restartedMain] o.s.b.d.a.OptionalLiveReloadServer       : LiveReload server is running on port 35729
2023-08-13T11:59:55.739+05:30  INFO 7644 --- [restartedMain] o.s.b.w.embedded.tomcat.TomcatWebServer  : Tomcat started on port(s): 8088 (http) with context path ''
2023-08-13T11:59:55.747+05:30  INFO 7644 --- [restartedMain] .m.BusTicketReservationSystemApplication : Started BusTicketReservationSystemApplication in 2.868 seconds (process running for 3722.413)
2023-08-13T11:59:55.750+05:30  INFO 7644 --- [restartedMain] .ConditionEvaluationDeltaLoggingListener : Condition evaluation unchanged
2023-08-13T12:00:25.597+05:30  INFO 7644 --- [http-nio-8088-exec-1] o.a.c.c.C.[Tomcat].[localhost].[/]       : Initializing Spring DispatcherServlet 'dispatcherServlet'
2023-08-13T12:00:25.598+05:30  INFO 7644 --- [http-nio-8088-exec-1] o.s.web.servlet.DispatcherServlet        : Initializing Servlet 'dispatcherServlet'
2023-08-13T12:00:25.601+05:30  INFO 7644 --- [http-nio-8088-exec-1] o.s.web.servlet.DispatcherServlet        : Completed initialization in 3 ms
2023-08-13T12:00:25.637+05:30  WARN 7644 --- [http-nio-8088-exec-1] .m.m.a.ExceptionHandlerExceptionResolver : Resolved [com.masai.exception.BusException: Cannot find route for adding Bus]
2023-08-13T12:04:49.127+05:30  INFO 7644 --- [File Watcher] rtingClassPathChangeChangedEventListener : Restarting due to 3 class path changes (0 additions, 0 deletions, 3 modifications)
2023-08-13T12:04:49.154+05:30  INFO 7644 --- [Thread-11] o.apache.catalina.core.StandardService   : Stopping service [Tomcat]
2023-08-13T12:04:49.156+05:30  INFO 7644 --- [Thread-11] o.a.c.c.C.[Tomcat].[localhost].[/]       : Destroying Spring FrameworkServlet 'dispatcherServlet'
2023-08-13T12:04:49.165+05:30  INFO 7644 --- [Thread-11] j.LocalContainerEntityManagerFactoryBean : Closing JPA EntityManagerFactory for persistence unit 'default'
2023-08-13T12:04:49.167+05:30  INFO 7644 --- [Thread-11] com.zaxxer.hikari.HikariDataSource       : HikariPool-3 - Shutdown initiated...
2023-08-13T12:04:49.192+05:30  INFO 7644 --- [Thread-11] com.zaxxer.hikari.HikariDataSource       : HikariPool-3 - Shutdown completed.
2023-08-13T12:04:49.336+05:30  INFO 7644 --- [restartedMain] .m.BusTicketReservationSystemApplication : Starting BusTicketReservationSystemApplication using Java 20.0.1 with PID 7644 (C:\Users\deepe\OneDrive\Desktop\honest-wing-5796\BusTicketReservationSystem(Backend)\target\classes started by deepe in C:\Users\deepe\OneDrive\Desktop\honest-wing-5796\BusTicketReservationSystem(Backend))
2023-08-13T12:04:49.338+05:30  INFO 7644 --- [restartedMain] .m.BusTicketReservationSystemApplication : No active profile set, falling back to 1 default profile: "default"
2023-08-13T12:04:49.681+05:30  INFO 7644 --- [restartedMain] .s.d.r.c.RepositoryConfigurationDelegate : Bootstrapping Spring Data JPA repositories in DEFAULT mode.
2023-08-13T12:04:49.719+05:30  INFO 7644 --- [restartedMain] .s.d.r.c.RepositoryConfigurationDelegate : Finished Spring Data repository scanning in 36 ms. Found 6 JPA repository interfaces.
2023-08-13T12:04:49.873+05:30  INFO 7644 --- [restartedMain] o.s.b.w.embedded.tomcat.TomcatWebServer  : Tomcat initialized with port(s): 8088 (http)
2023-08-13T12:04:49.874+05:30  INFO 7644 --- [restartedMain] o.apache.catalina.core.StandardService   : Starting service [Tomcat]
2023-08-13T12:04:49.874+05:30  INFO 7644 --- [restartedMain] o.apache.catalina.core.StandardEngine    : Starting Servlet engine: [Apache Tomcat/10.1.10]
2023-08-13T12:04:49.893+05:30  INFO 7644 --- [restartedMain] o.a.c.c.C.[Tomcat].[localhost].[/]       : Initializing Spring embedded WebApplicationContext
2023-08-13T12:04:49.893+05:30  INFO 7644 --- [restartedMain] w.s.c.ServletWebServerApplicationContext : Root WebApplicationContext: initialization completed in 549 ms
2023-08-13T12:04:49.952+05:30  INFO 7644 --- [restartedMain] o.hibernate.jpa.internal.util.LogHelper  : HHH000204: Processing PersistenceUnitInfo [name: default]
2023-08-13T12:04:49.957+05:30  INFO 7644 --- [restartedMain] o.h.b.i.BytecodeProviderInitiator        : HHH000021: Bytecode provider name : bytebuddy
2023-08-13T12:04:49.957+05:30  INFO 7644 --- [restartedMain] o.s.o.j.p.SpringPersistenceUnitInfo      : No LoadTimeWeaver setup: ignoring JPA class transformer
2023-08-13T12:04:49.958+05:30  INFO 7644 --- [restartedMain] com.zaxxer.hikari.HikariDataSource       : HikariPool-4 - Starting...
2023-08-13T12:04:49.975+05:30  INFO 7644 --- [restartedMain] com.zaxxer.hikari.pool.HikariPool        : HikariPool-4 - Added connection com.mysql.cj.jdbc.ConnectionImpl@43e17880
2023-08-13T12:04:49.976+05:30  INFO 7644 --- [restartedMain] com.zaxxer.hikari.HikariDataSource       : HikariPool-4 - Start completed.
2023-08-13T12:04:50.004+05:30  INFO 7644 --- [restartedMain] o.h.b.i.BytecodeProviderInitiator        : HHH000021: Bytecode provider name : bytebuddy
2023-08-13T12:04:50.197+05:30  INFO 7644 --- [restartedMain] o.h.e.t.j.p.i.JtaPlatformInitiator       : HHH000490: Using JtaPlatform implementation: [org.hibernate.engine.transaction.jta.platform.internal.NoJtaPlatform]
2023-08-13T12:04:50.350+05:30  INFO 7644 --- [restartedMain] j.LocalContainerEntityManagerFactoryBean : Initialized JPA EntityManagerFactory for persistence unit 'default'
2023-08-13T12:04:50.590+05:30  WARN 7644 --- [restartedMain] JpaBaseConfiguration$JpaWebConfiguration : spring.jpa.open-in-view is enabled by default. Therefore, database queries may be performed during view rendering. Explicitly configure spring.jpa.open-in-view to disable this warning
2023-08-13T12:04:50.877+05:30  INFO 7644 --- [restartedMain] o.s.b.d.a.OptionalLiveReloadServer       : LiveReload server is running on port 35729
2023-08-13T12:04:50.898+05:30  INFO 7644 --- [restartedMain] o.s.b.w.embedded.tomcat.TomcatWebServer  : Tomcat started on port(s): 8088 (http) with context path ''
2023-08-13T12:04:50.909+05:30  INFO 7644 --- [restartedMain] .m.BusTicketReservationSystemApplication : Started BusTicketReservationSystemApplication in 1.64 seconds (process running for 4017.576)
2023-08-13T12:04:50.913+05:30  INFO 7644 --- [restartedMain] .ConditionEvaluationDeltaLoggingListener : Condition evaluation unchanged
2023-08-13T12:06:24.644+05:30  INFO 7644 --- [File Watcher] rtingClassPathChangeChangedEventListener : Restarting due to 1 class path change (0 additions, 0 deletions, 1 modification)
2023-08-13T12:06:24.654+05:30  INFO 7644 --- [Thread-15] o.apache.catalina.core.StandardService   : Stopping service [Tomcat]
2023-08-13T12:06:24.658+05:30  INFO 7644 --- [Thread-15] j.LocalContainerEntityManagerFactoryBean : Closing JPA EntityManagerFactory for persistence unit 'default'
2023-08-13T12:06:24.659+05:30  INFO 7644 --- [Thread-15] com.zaxxer.hikari.HikariDataSource       : HikariPool-4 - Shutdown initiated...
2023-08-13T12:06:24.670+05:30  INFO 7644 --- [Thread-15] com.zaxxer.hikari.HikariDataSource       : HikariPool-4 - Shutdown completed.
2023-08-13T12:06:24.758+05:30  INFO 7644 --- [restartedMain] .m.BusTicketReservationSystemApplication : Starting BusTicketReservationSystemApplication using Java 20.0.1 with PID 7644 (C:\Users\deepe\OneDrive\Desktop\honest-wing-5796\BusTicketReservationSystem(Backend)\target\classes started by deepe in C:\Users\deepe\OneDrive\Desktop\honest-wing-5796\BusTicketReservationSystem(Backend))
2023-08-13T12:06:24.758+05:30  INFO 7644 --- [restartedMain] .m.BusTicketReservationSystemApplication : No active profile set, falling back to 1 default profile: "default"
2023-08-13T12:06:25.014+05:30  INFO 7644 --- [restartedMain] .s.d.r.c.RepositoryConfigurationDelegate : Bootstrapping Spring Data JPA repositories in DEFAULT mode.
2023-08-13T12:06:25.045+05:30  INFO 7644 --- [restartedMain] .s.d.r.c.RepositoryConfigurationDelegate : Finished Spring Data repository scanning in 30 ms. Found 6 JPA repository interfaces.
2023-08-13T12:06:25.148+05:30  INFO 7644 --- [restartedMain] o.s.b.w.embedded.tomcat.TomcatWebServer  : Tomcat initialized with port(s): 8088 (http)
2023-08-13T12:06:25.148+05:30  INFO 7644 --- [restartedMain] o.apache.catalina.core.StandardService   : Starting service [Tomcat]
2023-08-13T12:06:25.148+05:30  INFO 7644 --- [restartedMain] o.apache.catalina.core.StandardEngine    : Starting Servlet engine: [Apache Tomcat/10.1.10]
2023-08-13T12:06:25.171+05:30  INFO 7644 --- [restartedMain] o.a.c.c.C.[Tomcat].[localhost].[/]       : Initializing Spring embedded WebApplicationContext
2023-08-13T12:06:25.171+05:30  INFO 7644 --- [restartedMain] w.s.c.ServletWebServerApplicationContext : Root WebApplicationContext: initialization completed in 410 ms
2023-08-13T12:06:25.211+05:30  INFO 7644 --- [restartedMain] o.hibernate.jpa.internal.util.LogHelper  : HHH000204: Processing PersistenceUnitInfo [name: default]
2023-08-13T12:06:25.217+05:30  INFO 7644 --- [restartedMain] o.h.b.i.BytecodeProviderInitiator        : HHH000021: Bytecode provider name : bytebuddy
2023-08-13T12:06:25.217+05:30  INFO 7644 --- [restartedMain] o.s.o.j.p.SpringPersistenceUnitInfo      : No LoadTimeWeaver setup: ignoring JPA class transformer
2023-08-13T12:06:25.218+05:30  INFO 7644 --- [restartedMain] com.zaxxer.hikari.HikariDataSource       : HikariPool-5 - Starting...
2023-08-13T12:06:25.241+05:30  INFO 7644 --- [restartedMain] com.zaxxer.hikari.pool.HikariPool        : HikariPool-5 - Added connection com.mysql.cj.jdbc.ConnectionImpl@6c9fe5e1
2023-08-13T12:06:25.241+05:30  INFO 7644 --- [restartedMain] com.zaxxer.hikari.HikariDataSource       : HikariPool-5 - Start completed.
2023-08-13T12:06:25.266+05:30  INFO 7644 --- [restartedMain] o.h.b.i.BytecodeProviderInitiator        : HHH000021: Bytecode provider name : bytebuddy
2023-08-13T12:06:25.371+05:30  INFO 7644 --- [restartedMain] o.h.e.t.j.p.i.JtaPlatformInitiator       : HHH000490: Using JtaPlatform implementation: [org.hibernate.engine.transaction.jta.platform.internal.NoJtaPlatform]
2023-08-13T12:06:25.485+05:30  INFO 7644 --- [restartedMain] j.LocalContainerEntityManagerFactoryBean : Initialized JPA EntityManagerFactory for persistence unit 'default'
2023-08-13T12:06:25.750+05:30  WARN 7644 --- [restartedMain] JpaBaseConfiguration$JpaWebConfiguration : spring.jpa.open-in-view is enabled by default. Therefore, database queries may be performed during view rendering. Explicitly configure spring.jpa.open-in-view to disable this warning
2023-08-13T12:06:26.009+05:30  INFO 7644 --- [restartedMain] o.s.b.d.a.OptionalLiveReloadServer       : LiveReload server is running on port 35729
2023-08-13T12:06:26.034+05:30  INFO 7644 --- [restartedMain] o.s.b.w.embedded.tomcat.TomcatWebServer  : Tomcat started on port(s): 8088 (http) with context path ''
2023-08-13T12:06:26.039+05:30  INFO 7644 --- [restartedMain] .m.BusTicketReservationSystemApplication : Started BusTicketReservationSystemApplication in 1.314 seconds (process running for 4112.706)
2023-08-13T12:06:26.041+05:30  INFO 7644 --- [restartedMain] .ConditionEvaluationDeltaLoggingListener : Condition evaluation unchanged
2023-08-13T12:07:36.308+05:30  INFO 7644 --- [File Watcher] rtingClassPathChangeChangedEventListener : Restarting due to 1 class path change (0 additions, 0 deletions, 1 modification)
2023-08-13T12:07:36.329+05:30  INFO 7644 --- [Thread-19] o.apache.catalina.core.StandardService   : Stopping service [Tomcat]
2023-08-13T12:07:36.335+05:30  INFO 7644 --- [Thread-19] j.LocalContainerEntityManagerFactoryBean : Closing JPA EntityManagerFactory for persistence unit 'default'
2023-08-13T12:07:36.336+05:30  INFO 7644 --- [Thread-19] com.zaxxer.hikari.HikariDataSource       : HikariPool-5 - Shutdown initiated...
2023-08-13T12:07:36.349+05:30  INFO 7644 --- [Thread-19] com.zaxxer.hikari.HikariDataSource       : HikariPool-5 - Shutdown completed.
2023-08-13T12:07:36.441+05:30  INFO 7644 --- [restartedMain] .m.BusTicketReservationSystemApplication : Starting BusTicketReservationSystemApplication using Java 20.0.1 with PID 7644 (C:\Users\deepe\OneDrive\Desktop\honest-wing-5796\BusTicketReservationSystem(Backend)\target\classes started by deepe in C:\Users\deepe\OneDrive\Desktop\honest-wing-5796\BusTicketReservationSystem(Backend))
2023-08-13T12:07:36.441+05:30  INFO 7644 --- [restartedMain] .m.BusTicketReservationSystemApplication : No active profile set, falling back to 1 default profile: "default"
2023-08-13T12:07:36.758+05:30  INFO 7644 --- [restartedMain] .s.d.r.c.RepositoryConfigurationDelegate : Bootstrapping Spring Data JPA repositories in DEFAULT mode.
2023-08-13T12:07:36.786+05:30  INFO 7644 --- [restartedMain] .s.d.r.c.RepositoryConfigurationDelegate : Finished Spring Data repository scanning in 27 ms. Found 6 JPA repository interfaces.
2023-08-13T12:07:36.949+05:30  INFO 7644 --- [restartedMain] o.s.b.w.embedded.tomcat.TomcatWebServer  : Tomcat initialized with port(s): 8088 (http)
2023-08-13T12:07:36.951+05:30  INFO 7644 --- [restartedMain] o.apache.catalina.core.StandardService   : Starting service [Tomcat]
2023-08-13T12:07:36.951+05:30  INFO 7644 --- [restartedMain] o.apache.catalina.core.StandardEngine    : Starting Servlet engine: [Apache Tomcat/10.1.10]
2023-08-13T12:07:36.974+05:30  INFO 7644 --- [restartedMain] o.a.c.c.C.[Tomcat].[localhost].[/]       : Initializing Spring embedded WebApplicationContext
2023-08-13T12:07:36.974+05:30  INFO 7644 --- [restartedMain] w.s.c.ServletWebServerApplicationContext : Root WebApplicationContext: initialization completed in 529 ms
2023-08-13T12:07:37.021+05:30  INFO 7644 --- [restartedMain] o.hibernate.jpa.internal.util.LogHelper  : HHH000204: Processing PersistenceUnitInfo [name: default]
2023-08-13T12:07:37.033+05:30  INFO 7644 --- [restartedMain] o.h.b.i.BytecodeProviderInitiator        : HHH000021: Bytecode provider name : bytebuddy
2023-08-13T12:07:37.034+05:30  INFO 7644 --- [restartedMain] o.s.o.j.p.SpringPersistenceUnitInfo      : No LoadTimeWeaver setup: ignoring JPA class transformer
2023-08-13T12:07:37.035+05:30  INFO 7644 --- [restartedMain] com.zaxxer.hikari.HikariDataSource       : HikariPool-6 - Starting...
2023-08-13T12:07:37.047+05:30  INFO 7644 --- [restartedMain] com.zaxxer.hikari.pool.HikariPool        : HikariPool-6 - Added connection com.mysql.cj.jdbc.ConnectionImpl@4fae763d
2023-08-13T12:07:37.047+05:30  INFO 7644 --- [restartedMain] com.zaxxer.hikari.HikariDataSource       : HikariPool-6 - Start completed.
2023-08-13T12:07:37.079+05:30  INFO 7644 --- [restartedMain] o.h.b.i.BytecodeProviderInitiator        : HHH000021: Bytecode provider name : bytebuddy
2023-08-13T12:07:37.184+05:30  INFO 7644 --- [restartedMain] o.h.e.t.j.p.i.JtaPlatformInitiator       : HHH000490: Using JtaPlatform implementation: [org.hibernate.engine.transaction.jta.platform.internal.NoJtaPlatform]
2023-08-13T12:07:37.351+05:30  INFO 7644 --- [restartedMain] j.LocalContainerEntityManagerFactoryBean : Initialized JPA EntityManagerFactory for persistence unit 'default'
2023-08-13T12:07:37.636+05:30  WARN 7644 --- [restartedMain] JpaBaseConfiguration$JpaWebConfiguration : spring.jpa.open-in-view is enabled by default. Therefore, database queries may be performed during view rendering. Explicitly configure spring.jpa.open-in-view to disable this warning
2023-08-13T12:07:37.881+05:30  INFO 7644 --- [restartedMain] o.s.b.d.a.OptionalLiveReloadServer       : LiveReload server is running on port 35729
2023-08-13T12:07:37.901+05:30  INFO 7644 --- [restartedMain] o.s.b.w.embedded.tomcat.TomcatWebServer  : Tomcat started on port(s): 8088 (http) with context path ''
2023-08-13T12:07:37.908+05:30  INFO 7644 --- [restartedMain] .m.BusTicketReservationSystemApplication : Started BusTicketReservationSystemApplication in 1.501 seconds (process running for 4184.574)
2023-08-13T12:07:37.910+05:30  INFO 7644 --- [restartedMain] .ConditionEvaluationDeltaLoggingListener : Condition evaluation unchanged
2023-08-13T12:08:41.361+05:30  INFO 7644 --- [http-nio-8088-exec-4] o.a.c.c.C.[Tomcat].[localhost].[/]       : Initializing Spring DispatcherServlet 'dispatcherServlet'
2023-08-13T12:08:41.361+05:30  INFO 7644 --- [http-nio-8088-exec-4] o.s.web.servlet.DispatcherServlet        : Initializing Servlet 'dispatcherServlet'
2023-08-13T12:08:41.363+05:30  INFO 7644 --- [http-nio-8088-exec-4] o.s.web.servlet.DispatcherServlet        : Completed initialization in 2 ms
2023-08-13T12:08:41.427+05:30  WARN 7644 --- [http-nio-8088-exec-4] .m.m.a.ExceptionHandlerExceptionResolver : Resolved [com.masai.exception.BusException: Cannot find route for adding Bus]
2023-08-13T12:10:58.944+05:30  INFO 7644 --- [File Watcher] rtingClassPathChangeChangedEventListener : Restarting due to 1 class path change (0 additions, 0 deletions, 1 modification)
2023-08-13T12:10:58.958+05:30  INFO 7644 --- [Thread-23] o.apache.catalina.core.StandardService   : Stopping service [Tomcat]
2023-08-13T12:10:58.958+05:30  INFO 7644 --- [Thread-23] o.a.c.c.C.[Tomcat].[localhost].[/]       : Destroying Spring FrameworkServlet 'dispatcherServlet'
2023-08-13T12:10:58.965+05:30  INFO 7644 --- [Thread-23] j.LocalContainerEntityManagerFactoryBean : Closing JPA EntityManagerFactory for persistence unit 'default'
2023-08-13T12:10:58.966+05:30  INFO 7644 --- [Thread-23] com.zaxxer.hikari.HikariDataSource       : HikariPool-6 - Shutdown initiated...
2023-08-13T12:10:58.983+05:30  INFO 7644 --- [Thread-23] com.zaxxer.hikari.HikariDataSource       : HikariPool-6 - Shutdown completed.
2023-08-13T12:10:59.072+05:30  INFO 7644 --- [restartedMain] .m.BusTicketReservationSystemApplication : Starting BusTicketReservationSystemApplication using Java 20.0.1 with PID 7644 (C:\Users\deepe\OneDrive\Desktop\honest-wing-5796\BusTicketReservationSystem(Backend)\target\classes started by deepe in C:\Users\deepe\OneDrive\Desktop\honest-wing-5796\BusTicketReservationSystem(Backend))
2023-08-13T12:10:59.072+05:30  INFO 7644 --- [restartedMain] .m.BusTicketReservationSystemApplication : No active profile set, falling back to 1 default profile: "default"
2023-08-13T12:10:59.331+05:30  INFO 7644 --- [restartedMain] .s.d.r.c.RepositoryConfigurationDelegate : Bootstrapping Spring Data JPA repositories in DEFAULT mode.
2023-08-13T12:10:59.366+05:30  INFO 7644 --- [restartedMain] .s.d.r.c.RepositoryConfigurationDelegate : Finished Spring Data repository scanning in 34 ms. Found 6 JPA repository interfaces.
2023-08-13T12:10:59.486+05:30  INFO 7644 --- [restartedMain] o.s.b.w.embedded.tomcat.TomcatWebServer  : Tomcat initialized with port(s): 8088 (http)
2023-08-13T12:10:59.487+05:30  INFO 7644 --- [restartedMain] o.apache.catalina.core.StandardService   : Starting service [Tomcat]
2023-08-13T12:10:59.487+05:30  INFO 7644 --- [restartedMain] o.apache.catalina.core.StandardEngine    : Starting Servlet engine: [Apache Tomcat/10.1.10]
2023-08-13T12:10:59.508+05:30  INFO 7644 --- [restartedMain] o.a.c.c.C.[Tomcat].[localhost].[/]       : Initializing Spring embedded WebApplicationContext
2023-08-13T12:10:59.508+05:30  INFO 7644 --- [restartedMain] w.s.c.ServletWebServerApplicationContext : Root WebApplicationContext: initialization completed in 434 ms
2023-08-13T12:10:59.554+05:30  INFO 7644 --- [restartedMain] o.hibernate.jpa.internal.util.LogHelper  : HHH000204: Processing PersistenceUnitInfo [name: default]
2023-08-13T12:10:59.560+05:30  INFO 7644 --- [restartedMain] o.h.b.i.BytecodeProviderInitiator        : HHH000021: Bytecode provider name : bytebuddy
2023-08-13T12:10:59.560+05:30  INFO 7644 --- [restartedMain] o.s.o.j.p.SpringPersistenceUnitInfo      : No LoadTimeWeaver setup: ignoring JPA class transformer
2023-08-13T12:10:59.560+05:30  INFO 7644 --- [restartedMain] com.zaxxer.hikari.HikariDataSource       : HikariPool-7 - Starting...
2023-08-13T12:10:59.577+05:30  INFO 7644 --- [restartedMain] com.zaxxer.hikari.pool.HikariPool        : HikariPool-7 - Added connection com.mysql.cj.jdbc.ConnectionImpl@607f21f2
2023-08-13T12:10:59.577+05:30  INFO 7644 --- [restartedMain] com.zaxxer.hikari.HikariDataSource       : HikariPool-7 - Start completed.
2023-08-13T12:10:59.602+05:30  INFO 7644 --- [restartedMain] o.h.b.i.BytecodeProviderInitiator        : HHH000021: Bytecode provider name : bytebuddy
2023-08-13T12:10:59.699+05:30  INFO 7644 --- [restartedMain] o.h.e.t.j.p.i.JtaPlatformInitiator       : HHH000490: Using JtaPlatform implementation: [org.hibernate.engine.transaction.jta.platform.internal.NoJtaPlatform]
2023-08-13T12:10:59.809+05:30  INFO 7644 --- [restartedMain] j.LocalContainerEntityManagerFactoryBean : Initialized JPA EntityManagerFactory for persistence unit 'default'
2023-08-13T12:11:00.089+05:30  WARN 7644 --- [restartedMain] JpaBaseConfiguration$JpaWebConfiguration : spring.jpa.open-in-view is enabled by default. Therefore, database queries may be performed during view rendering. Explicitly configure spring.jpa.open-in-view to disable this warning
2023-08-13T12:11:00.758+05:30  INFO 7644 --- [restartedMain] o.s.b.d.a.OptionalLiveReloadServer       : LiveReload server is running on port 35729
2023-08-13T12:11:00.811+05:30  INFO 7644 --- [restartedMain] o.s.b.w.embedded.tomcat.TomcatWebServer  : Tomcat started on port(s): 8088 (http) with context path ''
2023-08-13T12:11:00.826+05:30  INFO 7644 --- [restartedMain] .m.BusTicketReservationSystemApplication : Started BusTicketReservationSystemApplication in 1.787 seconds (process running for 4387.492)
2023-08-13T12:11:00.830+05:30  INFO 7644 --- [restartedMain] .ConditionEvaluationDeltaLoggingListener : Condition evaluation unchanged
2023-08-13T12:12:06.886+05:30  INFO 7644 --- [http-nio-8088-exec-1] o.a.c.c.C.[Tomcat].[localhost].[/]       : Initializing Spring DispatcherServlet 'dispatcherServlet'
2023-08-13T12:12:06.886+05:30  INFO 7644 --- [http-nio-8088-exec-1] o.s.web.servlet.DispatcherServlet        : Initializing Servlet 'dispatcherServlet'
2023-08-13T12:12:06.888+05:30  INFO 7644 --- [http-nio-8088-exec-1] o.s.web.servlet.DispatcherServlet        : Completed initialization in 2 ms
2023-08-13T12:12:06.934+05:30  WARN 7644 --- [http-nio-8088-exec-1] .m.m.a.ExceptionHandlerExceptionResolver : Resolved [com.masai.exception.BusException: Cannot find route for adding Bus]
2023-08-13T12:15:24.465+05:30  INFO 7644 --- [File Watcher] rtingClassPathChangeChangedEventListener : Restarting due to 3 class path changes (0 additions, 0 deletions, 3 modifications)
2023-08-13T12:15:24.474+05:30  INFO 7644 --- [Thread-27] o.apache.catalina.core.StandardService   : Stopping service [Tomcat]
2023-08-13T12:15:24.475+05:30  INFO 7644 --- [Thread-27] o.a.c.c.C.[Tomcat].[localhost].[/]       : Destroying Spring FrameworkServlet 'dispatcherServlet'
2023-08-13T12:15:24.479+05:30  INFO 7644 --- [Thread-27] j.LocalContainerEntityManagerFactoryBean : Closing JPA EntityManagerFactory for persistence unit 'default'
2023-08-13T12:15:24.480+05:30  INFO 7644 --- [Thread-27] com.zaxxer.hikari.HikariDataSource       : HikariPool-7 - Shutdown initiated...
2023-08-13T12:15:24.483+05:30  INFO 7644 --- [Thread-27] com.zaxxer.hikari.HikariDataSource       : HikariPool-7 - Shutdown completed.
2023-08-13T12:15:24.576+05:30  INFO 7644 --- [restartedMain] .m.BusTicketReservationSystemApplication : Starting BusTicketReservationSystemApplication using Java 20.0.1 with PID 7644 (C:\Users\deepe\OneDrive\Desktop\honest-wing-5796\BusTicketReservationSystem(Backend)\target\classes started by deepe in C:\Users\deepe\OneDrive\Desktop\honest-wing-5796\BusTicketReservationSystem(Backend))
2023-08-13T12:15:24.580+05:30  INFO 7644 --- [restartedMain] .m.BusTicketReservationSystemApplication : No active profile set, falling back to 1 default profile: "default"
2023-08-13T12:15:24.887+05:30  INFO 7644 --- [restartedMain] .s.d.r.c.RepositoryConfigurationDelegate : Bootstrapping Spring Data JPA repositories in DEFAULT mode.
2023-08-13T12:15:24.921+05:30  INFO 7644 --- [restartedMain] .s.d.r.c.RepositoryConfigurationDelegate : Finished Spring Data repository scanning in 33 ms. Found 6 JPA repository interfaces.
2023-08-13T12:15:25.073+05:30  INFO 7644 --- [restartedMain] o.s.b.w.embedded.tomcat.TomcatWebServer  : Tomcat initialized with port(s): 8088 (http)
2023-08-13T12:15:25.074+05:30  INFO 7644 --- [restartedMain] o.apache.catalina.core.StandardService   : Starting service [Tomcat]
2023-08-13T12:15:25.074+05:30  INFO 7644 --- [restartedMain] o.apache.catalina.core.StandardEngine    : Starting Servlet engine: [Apache Tomcat/10.1.10]
2023-08-13T12:15:25.091+05:30  INFO 7644 --- [restartedMain] o.a.c.c.C.[Tomcat].[localhost].[/]       : Initializing Spring embedded WebApplicationContext
2023-08-13T12:15:25.091+05:30  INFO 7644 --- [restartedMain] w.s.c.ServletWebServerApplicationContext : Root WebApplicationContext: initialization completed in 509 ms
2023-08-13T12:15:25.152+05:30  INFO 7644 --- [restartedMain] o.hibernate.jpa.internal.util.LogHelper  : HHH000204: Processing PersistenceUnitInfo [name: default]
2023-08-13T12:15:25.160+05:30  INFO 7644 --- [restartedMain] o.h.b.i.BytecodeProviderInitiator        : HHH000021: Bytecode provider name : bytebuddy
2023-08-13T12:15:25.160+05:30  INFO 7644 --- [restartedMain] o.s.o.j.p.SpringPersistenceUnitInfo      : No LoadTimeWeaver setup: ignoring JPA class transformer
2023-08-13T12:15:25.161+05:30  INFO 7644 --- [restartedMain] com.zaxxer.hikari.HikariDataSource       : HikariPool-8 - Starting...
2023-08-13T12:15:25.172+05:30  INFO 7644 --- [restartedMain] com.zaxxer.hikari.pool.HikariPool        : HikariPool-8 - Added connection com.mysql.cj.jdbc.ConnectionImpl@3f5c2eb8
2023-08-13T12:15:25.172+05:30  INFO 7644 --- [restartedMain] com.zaxxer.hikari.HikariDataSource       : HikariPool-8 - Start completed.
2023-08-13T12:15:25.202+05:30  INFO 7644 --- [restartedMain] o.h.b.i.BytecodeProviderInitiator        : HHH000021: Bytecode provider name : bytebuddy
2023-08-13T12:15:25.324+05:30  INFO 7644 --- [restartedMain] o.h.e.t.j.p.i.JtaPlatformInitiator       : HHH000490: Using JtaPlatform implementation: [org.hibernate.engine.transaction.jta.platform.internal.NoJtaPlatform]
2023-08-13T12:15:25.424+05:30  INFO 7644 --- [restartedMain] j.LocalContainerEntityManagerFactoryBean : Initialized JPA EntityManagerFactory for persistence unit 'default'
2023-08-13T12:15:25.686+05:30  WARN 7644 --- [restartedMain] JpaBaseConfiguration$JpaWebConfiguration : spring.jpa.open-in-view is enabled by default. Therefore, database queries may be performed during view rendering. Explicitly configure spring.jpa.open-in-view to disable this warning
2023-08-13T12:15:26.002+05:30  INFO 7644 --- [restartedMain] o.s.b.d.a.OptionalLiveReloadServer       : LiveReload server is running on port 35729
2023-08-13T12:15:26.017+05:30  INFO 7644 --- [restartedMain] o.s.b.w.embedded.tomcat.TomcatWebServer  : Tomcat started on port(s): 8088 (http) with context path ''
2023-08-13T12:15:26.027+05:30  INFO 7644 --- [restartedMain] .m.BusTicketReservationSystemApplication : Started BusTicketReservationSystemApplication in 1.474 seconds (process running for 4652.693)
2023-08-13T12:15:26.029+05:30  INFO 7644 --- [restartedMain] .ConditionEvaluationDeltaLoggingListener : Condition evaluation unchanged
2023-08-13T12:17:47.107+05:30  INFO 7644 --- [File Watcher] rtingClassPathChangeChangedEventListener : Restarting due to 1 class path change (0 additions, 0 deletions, 1 modification)
2023-08-13T12:17:47.121+05:30  INFO 7644 --- [Thread-31] o.apache.catalina.core.StandardService   : Stopping service [Tomcat]
2023-08-13T12:17:47.128+05:30  INFO 7644 --- [Thread-31] j.LocalContainerEntityManagerFactoryBean : Closing JPA EntityManagerFactory for persistence unit 'default'
2023-08-13T12:17:47.129+05:30  INFO 7644 --- [Thread-31] com.zaxxer.hikari.HikariDataSource       : HikariPool-8 - Shutdown initiated...
2023-08-13T12:17:47.135+05:30  INFO 7644 --- [Thread-31] com.zaxxer.hikari.HikariDataSource       : HikariPool-8 - Shutdown completed.
2023-08-13T12:17:47.239+05:30  INFO 7644 --- [restartedMain] .m.BusTicketReservationSystemApplication : Starting BusTicketReservationSystemApplication using Java 20.0.1 with PID 7644 (C:\Users\deepe\OneDrive\Desktop\honest-wing-5796\BusTicketReservationSystem(Backend)\target\classes started by deepe in C:\Users\deepe\OneDrive\Desktop\honest-wing-5796\BusTicketReservationSystem(Backend))
2023-08-13T12:17:47.239+05:30  INFO 7644 --- [restartedMain] .m.BusTicketReservationSystemApplication : No active profile set, falling back to 1 default profile: "default"
2023-08-13T12:17:47.590+05:30  INFO 7644 --- [restartedMain] .s.d.r.c.RepositoryConfigurationDelegate : Bootstrapping Spring Data JPA repositories in DEFAULT mode.
2023-08-13T12:17:47.616+05:30  INFO 7644 --- [restartedMain] .s.d.r.c.RepositoryConfigurationDelegate : Finished Spring Data repository scanning in 26 ms. Found 6 JPA repository interfaces.
2023-08-13T12:17:47.723+05:30  INFO 7644 --- [restartedMain] o.s.b.w.embedded.tomcat.TomcatWebServer  : Tomcat initialized with port(s): 8088 (http)
2023-08-13T12:17:47.723+05:30  INFO 7644 --- [restartedMain] o.apache.catalina.core.StandardService   : Starting service [Tomcat]
2023-08-13T12:17:47.723+05:30  INFO 7644 --- [restartedMain] o.apache.catalina.core.StandardEngine    : Starting Servlet engine: [Apache Tomcat/10.1.10]
2023-08-13T12:17:47.744+05:30  INFO 7644 --- [restartedMain] o.a.c.c.C.[Tomcat].[localhost].[/]       : Initializing Spring embedded WebApplicationContext
2023-08-13T12:17:47.744+05:30  INFO 7644 --- [restartedMain] w.s.c.ServletWebServerApplicationContext : Root WebApplicationContext: initialization completed in 503 ms
2023-08-13T12:17:47.788+05:30  INFO 7644 --- [restartedMain] o.hibernate.jpa.internal.util.LogHelper  : HHH000204: Processing PersistenceUnitInfo [name: default]
2023-08-13T12:17:47.798+05:30  INFO 7644 --- [restartedMain] o.h.b.i.BytecodeProviderInitiator        : HHH000021: Bytecode provider name : bytebuddy
2023-08-13T12:17:47.798+05:30  INFO 7644 --- [restartedMain] o.s.o.j.p.SpringPersistenceUnitInfo      : No LoadTimeWeaver setup: ignoring JPA class transformer
2023-08-13T12:17:47.799+05:30  INFO 7644 --- [restartedMain] com.zaxxer.hikari.HikariDataSource       : HikariPool-9 - Starting...
2023-08-13T12:17:47.808+05:30  INFO 7644 --- [restartedMain] com.zaxxer.hikari.pool.HikariPool        : HikariPool-9 - Added connection com.mysql.cj.jdbc.ConnectionImpl@2d9c0344
2023-08-13T12:17:47.808+05:30  INFO 7644 --- [restartedMain] com.zaxxer.hikari.HikariDataSource       : HikariPool-9 - Start completed.
2023-08-13T12:17:47.845+05:30  INFO 7644 --- [restartedMain] o.h.b.i.BytecodeProviderInitiator        : HHH000021: Bytecode provider name : bytebuddy
2023-08-13T12:17:47.941+05:30  INFO 7644 --- [restartedMain] o.h.e.t.j.p.i.JtaPlatformInitiator       : HHH000490: Using JtaPlatform implementation: [org.hibernate.engine.transaction.jta.platform.internal.NoJtaPlatform]
2023-08-13T12:17:48.047+05:30  INFO 7644 --- [restartedMain] j.LocalContainerEntityManagerFactoryBean : Initialized JPA EntityManagerFactory for persistence unit 'default'
2023-08-13T12:17:48.256+05:30  WARN 7644 --- [restartedMain] JpaBaseConfiguration$JpaWebConfiguration : spring.jpa.open-in-view is enabled by default. Therefore, database queries may be performed during view rendering. Explicitly configure spring.jpa.open-in-view to disable this warning
2023-08-13T12:17:48.607+05:30  INFO 7644 --- [restartedMain] o.s.b.d.a.OptionalLiveReloadServer       : LiveReload server is running on port 35729
2023-08-13T12:17:48.627+05:30  INFO 7644 --- [restartedMain] o.s.b.w.embedded.tomcat.TomcatWebServer  : Tomcat started on port(s): 8088 (http) with context path ''
2023-08-13T12:17:48.637+05:30  INFO 7644 --- [restartedMain] .m.BusTicketReservationSystemApplication : Started BusTicketReservationSystemApplication in 1.438 seconds (process running for 4795.303)
2023-08-13T12:17:48.638+05:30  INFO 7644 --- [restartedMain] .ConditionEvaluationDeltaLoggingListener : Condition evaluation unchanged
2023-08-13T12:18:35.248+05:30  INFO 7644 --- [File Watcher] rtingClassPathChangeChangedEventListener : Restarting due to 1 class path change (0 additions, 0 deletions, 1 modification)
2023-08-13T12:18:35.261+05:30  INFO 7644 --- [Thread-35] o.apache.catalina.core.StandardService   : Stopping service [Tomcat]
2023-08-13T12:18:35.268+05:30  INFO 7644 --- [Thread-35] j.LocalContainerEntityManagerFactoryBean : Closing JPA EntityManagerFactory for persistence unit 'default'
2023-08-13T12:18:35.268+05:30  INFO 7644 --- [Thread-35] com.zaxxer.hikari.HikariDataSource       : HikariPool-9 - Shutdown initiated...
2023-08-13T12:18:35.273+05:30  INFO 7644 --- [Thread-35] com.zaxxer.hikari.HikariDataSource       : HikariPool-9 - Shutdown completed.
2023-08-13T12:18:35.362+05:30  INFO 7644 --- [restartedMain] .m.BusTicketReservationSystemApplication : Starting BusTicketReservationSystemApplication using Java 20.0.1 with PID 7644 (C:\Users\deepe\OneDrive\Desktop\honest-wing-5796\BusTicketReservationSystem(Backend)\target\classes started by deepe in C:\Users\deepe\OneDrive\Desktop\honest-wing-5796\BusTicketReservationSystem(Backend))
2023-08-13T12:18:35.362+05:30  INFO 7644 --- [restartedMain] .m.BusTicketReservationSystemApplication : No active profile set, falling back to 1 default profile: "default"
2023-08-13T12:18:35.642+05:30  INFO 7644 --- [restartedMain] .s.d.r.c.RepositoryConfigurationDelegate : Bootstrapping Spring Data JPA repositories in DEFAULT mode.
2023-08-13T12:18:35.671+05:30  INFO 7644 --- [restartedMain] .s.d.r.c.RepositoryConfigurationDelegate : Finished Spring Data repository scanning in 29 ms. Found 6 JPA repository interfaces.
2023-08-13T12:18:35.795+05:30  INFO 7644 --- [restartedMain] o.s.b.w.embedded.tomcat.TomcatWebServer  : Tomcat initialized with port(s): 8088 (http)
2023-08-13T12:18:35.795+05:30  INFO 7644 --- [restartedMain] o.apache.catalina.core.StandardService   : Starting service [Tomcat]
2023-08-13T12:18:35.795+05:30  INFO 7644 --- [restartedMain] o.apache.catalina.core.StandardEngine    : Starting Servlet engine: [Apache Tomcat/10.1.10]
2023-08-13T12:18:35.815+05:30  INFO 7644 --- [restartedMain] o.a.c.c.C.[Tomcat].[localhost].[/]       : Initializing Spring embedded WebApplicationContext
2023-08-13T12:18:35.815+05:30  INFO 7644 --- [restartedMain] w.s.c.ServletWebServerApplicationContext : Root WebApplicationContext: initialization completed in 451 ms
2023-08-13T12:18:35.872+05:30  INFO 7644 --- [restartedMain] o.hibernate.jpa.internal.util.LogHelper  : HHH000204: Processing PersistenceUnitInfo [name: default]
2023-08-13T12:18:35.876+05:30  INFO 7644 --- [restartedMain] o.h.b.i.BytecodeProviderInitiator        : HHH000021: Bytecode provider name : bytebuddy
2023-08-13T12:18:35.878+05:30  INFO 7644 --- [restartedMain] o.s.o.j.p.SpringPersistenceUnitInfo      : No LoadTimeWeaver setup: ignoring JPA class transformer
2023-08-13T12:18:35.878+05:30  INFO 7644 --- [restartedMain] com.zaxxer.hikari.HikariDataSource       : HikariPool-10 - Starting...
2023-08-13T12:18:35.889+05:30  INFO 7644 --- [restartedMain] com.zaxxer.hikari.pool.HikariPool        : HikariPool-10 - Added connection com.mysql.cj.jdbc.ConnectionImpl@62f19b9a
2023-08-13T12:18:35.889+05:30  INFO 7644 --- [restartedMain] com.zaxxer.hikari.HikariDataSource       : HikariPool-10 - Start completed.
2023-08-13T12:18:35.924+05:30  INFO 7644 --- [restartedMain] o.h.b.i.BytecodeProviderInitiator        : HHH000021: Bytecode provider name : bytebuddy
2023-08-13T12:18:36.070+05:30  INFO 7644 --- [restartedMain] o.h.e.t.j.p.i.JtaPlatformInitiator       : HHH000490: Using JtaPlatform implementation: [org.hibernate.engine.transaction.jta.platform.internal.NoJtaPlatform]
2023-08-13T12:18:36.217+05:30  INFO 7644 --- [restartedMain] j.LocalContainerEntityManagerFactoryBean : Initialized JPA EntityManagerFactory for persistence unit 'default'
2023-08-13T12:18:36.464+05:30  WARN 7644 --- [restartedMain] JpaBaseConfiguration$JpaWebConfiguration : spring.jpa.open-in-view is enabled by default. Therefore, database queries may be performed during view rendering. Explicitly configure spring.jpa.open-in-view to disable this warning
2023-08-13T12:18:36.718+05:30  INFO 7644 --- [restartedMain] o.s.b.d.a.OptionalLiveReloadServer       : LiveReload server is running on port 35729
2023-08-13T12:18:36.734+05:30  INFO 7644 --- [restartedMain] o.s.b.w.embedded.tomcat.TomcatWebServer  : Tomcat started on port(s): 8088 (http) with context path ''
2023-08-13T12:18:36.740+05:30  INFO 7644 --- [restartedMain] .m.BusTicketReservationSystemApplication : Started BusTicketReservationSystemApplication in 1.409 seconds (process running for 4843.406)
2023-08-13T12:18:36.741+05:30  INFO 7644 --- [restartedMain] .ConditionEvaluationDeltaLoggingListener : Condition evaluation unchanged
2023-08-13T12:18:54.924+05:30  INFO 7644 --- [RMI TCP Connection(85)-127.0.0.1] inMXBeanRegistrar$SpringApplicationAdmin : Application shutdown requested.
2023-08-13T12:18:54.935+05:30  INFO 7644 --- [RMI TCP Connection(85)-127.0.0.1] o.apache.catalina.core.StandardService   : Stopping service [Tomcat]
2023-08-13T12:18:54.940+05:30  INFO 7644 --- [RMI TCP Connection(85)-127.0.0.1] j.LocalContainerEntityManagerFactoryBean : Closing JPA EntityManagerFactory for persistence unit 'default'
2023-08-13T12:18:54.941+05:30  INFO 7644 --- [RMI TCP Connection(85)-127.0.0.1] com.zaxxer.hikari.HikariDataSource       : HikariPool-10 - Shutdown initiated...
2023-08-13T12:18:54.945+05:30  INFO 7644 --- [RMI TCP Connection(85)-127.0.0.1] com.zaxxer.hikari.HikariDataSource       : HikariPool-10 - Shutdown completed.
2023-08-13T12:18:58.659+05:30  INFO 15668 --- [restartedMain] .m.BusTicketReservationSystemApplication : Starting BusTicketReservationSystemApplication using Java 20.0.1 with PID 15668 (C:\Users\deepe\OneDrive\Desktop\honest-wing-5796\BusTicketReservationSystem(Backend)\target\classes started by deepe in C:\Users\deepe\OneDrive\Desktop\honest-wing-5796\BusTicketReservationSystem(Backend))
2023-08-13T12:18:58.661+05:30  INFO 15668 --- [restartedMain] .m.BusTicketReservationSystemApplication : No active profile set, falling back to 1 default profile: "default"
2023-08-13T12:18:58.719+05:30  INFO 15668 --- [restartedMain] .e.DevToolsPropertyDefaultsPostProcessor : Devtools property defaults active! Set 'spring.devtools.add-properties' to 'false' to disable
2023-08-13T12:18:58.719+05:30  INFO 15668 --- [restartedMain] .e.DevToolsPropertyDefaultsPostProcessor : For additional web related logging consider setting the 'logging.level.web' property to 'DEBUG'
2023-08-13T12:18:59.560+05:30  INFO 15668 --- [restartedMain] .s.d.r.c.RepositoryConfigurationDelegate : Bootstrapping Spring Data JPA repositories in DEFAULT mode.
2023-08-13T12:18:59.645+05:30  INFO 15668 --- [restartedMain] .s.d.r.c.RepositoryConfigurationDelegate : Finished Spring Data repository scanning in 75 ms. Found 6 JPA repository interfaces.
2023-08-13T12:19:00.358+05:30  INFO 15668 --- [restartedMain] o.s.b.w.embedded.tomcat.TomcatWebServer  : Tomcat initialized with port(s): 8088 (http)
2023-08-13T12:19:00.374+05:30  INFO 15668 --- [restartedMain] o.apache.catalina.core.StandardService   : Starting service [Tomcat]
2023-08-13T12:19:00.375+05:30  INFO 15668 --- [restartedMain] o.apache.catalina.core.StandardEngine    : Starting Servlet engine: [Apache Tomcat/10.1.10]
2023-08-13T12:19:00.484+05:30  INFO 15668 --- [restartedMain] o.a.c.c.C.[Tomcat].[localhost].[/]       : Initializing Spring embedded WebApplicationContext
2023-08-13T12:19:00.484+05:30  INFO 15668 --- [restartedMain] w.s.c.ServletWebServerApplicationContext : Root WebApplicationContext: initialization completed in 1765 ms
2023-08-13T12:19:00.693+05:30  INFO 15668 --- [restartedMain] o.hibernate.jpa.internal.util.LogHelper  : HHH000204: Processing PersistenceUnitInfo [name: default]
2023-08-13T12:19:00.829+05:30  INFO 15668 --- [restartedMain] org.hibernate.Version                    : HHH000412: Hibernate ORM core version 6.2.5.Final
2023-08-13T12:19:00.833+05:30  INFO 15668 --- [restartedMain] org.hibernate.cfg.Environment            : HHH000406: Using bytecode reflection optimizer
2023-08-13T12:19:01.065+05:30  INFO 15668 --- [restartedMain] o.h.b.i.BytecodeProviderInitiator        : HHH000021: Bytecode provider name : bytebuddy
2023-08-13T12:19:01.284+05:30  INFO 15668 --- [restartedMain] o.s.o.j.p.SpringPersistenceUnitInfo      : No LoadTimeWeaver setup: ignoring JPA class transformer
2023-08-13T12:19:01.307+05:30  INFO 15668 --- [restartedMain] com.zaxxer.hikari.HikariDataSource       : HikariPool-1 - Starting...
2023-08-13T12:19:01.727+05:30  INFO 15668 --- [restartedMain] com.zaxxer.hikari.pool.HikariPool        : HikariPool-1 - Added connection com.mysql.cj.jdbc.ConnectionImpl@4365f057
2023-08-13T12:19:01.730+05:30  INFO 15668 --- [restartedMain] com.zaxxer.hikari.HikariDataSource       : HikariPool-1 - Start completed.
2023-08-13T12:19:02.248+05:30  INFO 15668 --- [restartedMain] o.h.b.i.BytecodeProviderInitiator        : HHH000021: Bytecode provider name : bytebuddy
2023-08-13T12:19:03.464+05:30  INFO 15668 --- [restartedMain] o.h.e.t.j.p.i.JtaPlatformInitiator       : HHH000490: Using JtaPlatform implementation: [org.hibernate.engine.transaction.jta.platform.internal.NoJtaPlatform]
2023-08-13T12:19:03.643+05:30  INFO 15668 --- [restartedMain] j.LocalContainerEntityManagerFactoryBean : Initialized JPA EntityManagerFactory for persistence unit 'default'
2023-08-13T12:19:04.311+05:30  WARN 15668 --- [restartedMain] JpaBaseConfiguration$JpaWebConfiguration : spring.jpa.open-in-view is enabled by default. Therefore, database queries may be performed during view rendering. Explicitly configure spring.jpa.open-in-view to disable this warning
2023-08-13T12:19:05.098+05:30  INFO 15668 --- [restartedMain] o.s.b.d.a.OptionalLiveReloadServer       : LiveReload server is running on port 35729
2023-08-13T12:19:05.157+05:30  INFO 15668 --- [restartedMain] o.s.b.w.embedded.tomcat.TomcatWebServer  : Tomcat started on port(s): 8088 (http) with context path ''
2023-08-13T12:19:05.171+05:30  INFO 15668 --- [restartedMain] .m.BusTicketReservationSystemApplication : Started BusTicketReservationSystemApplication in 6.917 seconds (process running for 7.858)
2023-08-13T12:19:34.498+05:30  INFO 15668 --- [http-nio-8088-exec-1] o.a.c.c.C.[Tomcat].[localhost].[/]       : Initializing Spring DispatcherServlet 'dispatcherServlet'
2023-08-13T12:19:34.499+05:30  INFO 15668 --- [http-nio-8088-exec-1] o.s.web.servlet.DispatcherServlet        : Initializing Servlet 'dispatcherServlet'
2023-08-13T12:19:34.505+05:30  INFO 15668 --- [http-nio-8088-exec-1] o.s.web.servlet.DispatcherServlet        : Completed initialization in 6 ms
2023-08-13T12:20:54.848+05:30  INFO 15668 --- [File Watcher] rtingClassPathChangeChangedEventListener : Restarting due to 1 class path change (0 additions, 0 deletions, 1 modification)
2023-08-13T12:20:54.866+05:30  INFO 15668 --- [Thread-5] o.apache.catalina.core.StandardService   : Stopping service [Tomcat]
2023-08-13T12:20:54.868+05:30  INFO 15668 --- [Thread-5] o.a.c.c.C.[Tomcat].[localhost].[/]       : Destroying Spring FrameworkServlet 'dispatcherServlet'
2023-08-13T12:20:54.881+05:30  INFO 15668 --- [Thread-5] j.LocalContainerEntityManagerFactoryBean : Closing JPA EntityManagerFactory for persistence unit 'default'
2023-08-13T12:20:54.886+05:30  INFO 15668 --- [Thread-5] com.zaxxer.hikari.HikariDataSource       : HikariPool-1 - Shutdown initiated...
2023-08-13T12:20:54.902+05:30  INFO 15668 --- [Thread-5] com.zaxxer.hikari.HikariDataSource       : HikariPool-1 - Shutdown completed.
2023-08-13T12:20:55.046+05:30  INFO 15668 --- [restartedMain] .m.BusTicketReservationSystemApplication : Starting BusTicketReservationSystemApplication using Java 20.0.1 with PID 15668 (C:\Users\deepe\OneDrive\Desktop\honest-wing-5796\BusTicketReservationSystem(Backend)\target\classes started by deepe in C:\Users\deepe\OneDrive\Desktop\honest-wing-5796\BusTicketReservationSystem(Backend))
2023-08-13T12:20:55.047+05:30  INFO 15668 --- [restartedMain] .m.BusTicketReservationSystemApplication : No active profile set, falling back to 1 default profile: "default"
2023-08-13T12:20:55.765+05:30  INFO 15668 --- [restartedMain] .s.d.r.c.RepositoryConfigurationDelegate : Bootstrapping Spring Data JPA repositories in DEFAULT mode.
2023-08-13T12:20:55.839+05:30  INFO 15668 --- [restartedMain] .s.d.r.c.RepositoryConfigurationDelegate : Finished Spring Data repository scanning in 72 ms. Found 6 JPA repository interfaces.
2023-08-13T12:20:56.088+05:30  INFO 15668 --- [restartedMain] o.s.b.w.embedded.tomcat.TomcatWebServer  : Tomcat initialized with port(s): 8088 (http)
2023-08-13T12:20:56.089+05:30  INFO 15668 --- [restartedMain] o.apache.catalina.core.StandardService   : Starting service [Tomcat]
2023-08-13T12:20:56.091+05:30  INFO 15668 --- [restartedMain] o.apache.catalina.core.StandardEngine    : Starting Servlet engine: [Apache Tomcat/10.1.10]
2023-08-13T12:20:56.127+05:30  INFO 15668 --- [restartedMain] o.a.c.c.C.[Tomcat].[localhost].[/]       : Initializing Spring embedded WebApplicationContext
2023-08-13T12:20:56.129+05:30  INFO 15668 --- [restartedMain] w.s.c.ServletWebServerApplicationContext : Root WebApplicationContext: initialization completed in 1072 ms
2023-08-13T12:20:56.292+05:30  INFO 15668 --- [restartedMain] o.hibernate.jpa.internal.util.LogHelper  : HHH000204: Processing PersistenceUnitInfo [name: default]
2023-08-13T12:20:56.306+05:30  INFO 15668 --- [restartedMain] o.h.b.i.BytecodeProviderInitiator        : HHH000021: Bytecode provider name : bytebuddy
2023-08-13T12:20:56.307+05:30  INFO 15668 --- [restartedMain] o.s.o.j.p.SpringPersistenceUnitInfo      : No LoadTimeWeaver setup: ignoring JPA class transformer
2023-08-13T12:20:56.312+05:30  INFO 15668 --- [restartedMain] com.zaxxer.hikari.HikariDataSource       : HikariPool-2 - Starting...
2023-08-13T12:20:56.335+05:30  INFO 15668 --- [restartedMain] com.zaxxer.hikari.pool.HikariPool        : HikariPool-2 - Added connection com.mysql.cj.jdbc.ConnectionImpl@34f00d0d
2023-08-13T12:20:56.336+05:30  INFO 15668 --- [restartedMain] com.zaxxer.hikari.HikariDataSource       : HikariPool-2 - Start completed.
2023-08-13T12:20:56.399+05:30  INFO 15668 --- [restartedMain] o.h.b.i.BytecodeProviderInitiator        : HHH000021: Bytecode provider name : bytebuddy
2023-08-13T12:20:56.673+05:30  INFO 15668 --- [restartedMain] o.h.e.t.j.p.i.JtaPlatformInitiator       : HHH000490: Using JtaPlatform implementation: [org.hibernate.engine.transaction.jta.platform.internal.NoJtaPlatform]
2023-08-13T12:20:56.848+05:30  INFO 15668 --- [restartedMain] j.LocalContainerEntityManagerFactoryBean : Initialized JPA EntityManagerFactory for persistence unit 'default'
2023-08-13T12:20:57.262+05:30  WARN 15668 --- [restartedMain] JpaBaseConfiguration$JpaWebConfiguration : spring.jpa.open-in-view is enabled by default. Therefore, database queries may be performed during view rendering. Explicitly configure spring.jpa.open-in-view to disable this warning
2023-08-13T12:20:57.726+05:30  INFO 15668 --- [restartedMain] o.s.b.d.a.OptionalLiveReloadServer       : LiveReload server is running on port 35729
2023-08-13T12:20:57.749+05:30  INFO 15668 --- [restartedMain] o.s.b.w.embedded.tomcat.TomcatWebServer  : Tomcat started on port(s): 8088 (http) with context path ''
2023-08-13T12:20:57.760+05:30  INFO 15668 --- [restartedMain] .m.BusTicketReservationSystemApplication : Started BusTicketReservationSystemApplication in 2.782 seconds (process running for 120.447)
2023-08-13T12:20:57.769+05:30  INFO 15668 --- [restartedMain] .ConditionEvaluationDeltaLoggingListener : Condition evaluation unchanged
